{
  "/home/juanma/Desktop/etymos-app/etymos-backend/ormconfig.js": {
    "path": "/home/juanma/Desktop/etymos-app/etymos-backend/ormconfig.js",
    "statementMap": {
      "0": {
        "start": { "line": 8, "column": 4 },
        "end": { "line": 8, "column": 15 }
      },
      "1": {
        "start": { "line": 10, "column": 0 },
        "end": { "line": 28, "column": 2 }
      }
    },
    "fnMap": {},
    "branchMap": {},
    "s": { "0": 10, "1": 10 },
    "f": {},
    "b": {},
    "inputSourceMap": null,
    "_coverageSchema": "1a1c01bbd47fc00a2c39e90264f33305004495a9",
    "hash": "5ef2a3019f12dbf3d2cc32171321dbedd52adee9"
  },
  "/home/juanma/Desktop/etymos-app/etymos-backend/src/config/messages.ts": {
    "path": "/home/juanma/Desktop/etymos-app/etymos-backend/src/config/messages.ts",
    "statementMap": {
      "0": {
        "start": { "line": 13, "column": 4 },
        "end": { "line": 25, "column": 2 }
      },
      "1": {
        "start": { "line": 27, "column": 17 },
        "end": { "line": 40, "column": 2 }
      },
      "2": {
        "start": { "line": 43, "column": 2 },
        "end": { "line": 55, "column": 13 }
      }
    },
    "fnMap": {},
    "branchMap": {},
    "s": { "0": 10, "1": 10, "2": 10 },
    "f": {},
    "b": {}
  },
  "/home/juanma/Desktop/etymos-app/etymos-backend/src/inputs/CreateCategoryInput.ts": {
    "path": "/home/juanma/Desktop/etymos-app/etymos-backend/src/inputs/CreateCategoryInput.ts",
    "statementMap": {
      "0": {
        "start": { "line": 1, "column": 0 },
        "end": { "line": 1, "column": 48 }
      },
      "1": {
        "start": { "line": 4, "column": 0 },
        "end": { "line": 13, "column": null }
      },
      "2": {
        "start": { "line": 6, "column": 2 },
        "end": { "line": 6, "column": null }
      },
      "3": {
        "start": { "line": 9, "column": 2 },
        "end": { "line": 9, "column": null }
      },
      "4": {
        "start": { "line": 12, "column": 2 },
        "end": { "line": 12, "column": null }
      },
      "5": {
        "start": { "line": 4, "column": 13 },
        "end": { "line": 13, "column": null }
      },
      "6": {
        "start": { "line": 4, "column": 13 },
        "end": { "line": 4, "column": 32 }
      }
    },
    "fnMap": {},
    "branchMap": {},
    "s": { "0": 1, "1": 1, "2": 1, "3": 1, "4": 1, "5": 1, "6": 1 },
    "f": {},
    "b": {}
  },
  "/home/juanma/Desktop/etymos-app/etymos-backend/src/inputs/CreateEtymologyInput.ts": {
    "path": "/home/juanma/Desktop/etymos-app/etymos-backend/src/inputs/CreateEtymologyInput.ts",
    "statementMap": {
      "0": {
        "start": { "line": 1, "column": 0 },
        "end": { "line": 1, "column": 48 }
      },
      "1": {
        "start": { "line": 4, "column": 0 },
        "end": { "line": 22, "column": null }
      },
      "2": {
        "start": { "line": 6, "column": 2 },
        "end": { "line": 6, "column": null }
      },
      "3": {
        "start": { "line": 9, "column": 2 },
        "end": { "line": 9, "column": null }
      },
      "4": {
        "start": { "line": 12, "column": 2 },
        "end": { "line": 12, "column": null }
      },
      "5": {
        "start": { "line": 15, "column": 2 },
        "end": { "line": 15, "column": null }
      },
      "6": {
        "start": { "line": 18, "column": 2 },
        "end": { "line": 18, "column": null }
      },
      "7": {
        "start": { "line": 21, "column": 2 },
        "end": { "line": 21, "column": null }
      },
      "8": {
        "start": { "line": 4, "column": 13 },
        "end": { "line": 22, "column": null }
      },
      "9": {
        "start": { "line": 4, "column": 13 },
        "end": { "line": 4, "column": 33 }
      }
    },
    "fnMap": {},
    "branchMap": {},
    "s": {
      "0": 1,
      "1": 1,
      "2": 1,
      "3": 1,
      "4": 1,
      "5": 1,
      "6": 1,
      "7": 1,
      "8": 1,
      "9": 1
    },
    "f": {},
    "b": {}
  },
  "/home/juanma/Desktop/etymos-app/etymos-backend/src/inputs/CreateOptionInput.ts": {
    "path": "/home/juanma/Desktop/etymos-app/etymos-backend/src/inputs/CreateOptionInput.ts",
    "statementMap": {
      "0": {
        "start": { "line": 1, "column": 0 },
        "end": { "line": 1, "column": 48 }
      },
      "1": {
        "start": { "line": 4, "column": 0 },
        "end": { "line": 13, "column": null }
      },
      "2": {
        "start": { "line": 6, "column": 2 },
        "end": { "line": 6, "column": null }
      },
      "3": {
        "start": { "line": 9, "column": 2 },
        "end": { "line": 9, "column": null }
      },
      "4": {
        "start": { "line": 12, "column": 2 },
        "end": { "line": 12, "column": null }
      },
      "5": {
        "start": { "line": 4, "column": 13 },
        "end": { "line": 13, "column": null }
      },
      "6": {
        "start": { "line": 4, "column": 13 },
        "end": { "line": 4, "column": 30 }
      }
    },
    "fnMap": {},
    "branchMap": {},
    "s": { "0": 1, "1": 1, "2": 1, "3": 1, "4": 1, "5": 1, "6": 1 },
    "f": {},
    "b": {}
  },
  "/home/juanma/Desktop/etymos-app/etymos-backend/src/inputs/CreatePatternInput.ts": {
    "path": "/home/juanma/Desktop/etymos-app/etymos-backend/src/inputs/CreatePatternInput.ts",
    "statementMap": {
      "0": {
        "start": { "line": 1, "column": 0 },
        "end": { "line": 1, "column": 48 }
      },
      "1": {
        "start": { "line": 4, "column": 0 },
        "end": { "line": 10, "column": null }
      },
      "2": {
        "start": { "line": 6, "column": 2 },
        "end": { "line": 6, "column": null }
      },
      "3": {
        "start": { "line": 9, "column": 2 },
        "end": { "line": 9, "column": null }
      },
      "4": {
        "start": { "line": 4, "column": 13 },
        "end": { "line": 10, "column": null }
      },
      "5": {
        "start": { "line": 4, "column": 13 },
        "end": { "line": 4, "column": 31 }
      }
    },
    "fnMap": {},
    "branchMap": {},
    "s": { "0": 1, "1": 1, "2": 1, "3": 1, "4": 1, "5": 1 },
    "f": {},
    "b": {}
  },
  "/home/juanma/Desktop/etymos-app/etymos-backend/src/inputs/CreateQuestionInput.ts": {
    "path": "/home/juanma/Desktop/etymos-app/etymos-backend/src/inputs/CreateQuestionInput.ts",
    "statementMap": {
      "0": {
        "start": { "line": 1, "column": 0 },
        "end": { "line": 1, "column": 48 }
      },
      "1": {
        "start": { "line": 4, "column": 0 },
        "end": { "line": 13, "column": null }
      },
      "2": {
        "start": { "line": 6, "column": 2 },
        "end": { "line": 6, "column": null }
      },
      "3": {
        "start": { "line": 9, "column": 2 },
        "end": { "line": 9, "column": null }
      },
      "4": {
        "start": { "line": 12, "column": 2 },
        "end": { "line": 12, "column": null }
      },
      "5": {
        "start": { "line": 4, "column": 13 },
        "end": { "line": 13, "column": null }
      },
      "6": {
        "start": { "line": 4, "column": 13 },
        "end": { "line": 4, "column": 32 }
      }
    },
    "fnMap": {},
    "branchMap": {},
    "s": { "0": 1, "1": 1, "2": 1, "3": 1, "4": 1, "5": 1, "6": 1 },
    "f": {},
    "b": {}
  },
  "/home/juanma/Desktop/etymos-app/etymos-backend/src/inputs/CreateReferenceInput.ts": {
    "path": "/home/juanma/Desktop/etymos-app/etymos-backend/src/inputs/CreateReferenceInput.ts",
    "statementMap": {
      "0": {
        "start": { "line": 1, "column": 0 },
        "end": { "line": 1, "column": 48 }
      },
      "1": {
        "start": { "line": 4, "column": 0 },
        "end": { "line": 22, "column": null }
      },
      "2": {
        "start": { "line": 6, "column": 2 },
        "end": { "line": 6, "column": null }
      },
      "3": {
        "start": { "line": 9, "column": 2 },
        "end": { "line": 9, "column": null }
      },
      "4": {
        "start": { "line": 12, "column": 2 },
        "end": { "line": 12, "column": null }
      },
      "5": {
        "start": { "line": 15, "column": 2 },
        "end": { "line": 15, "column": null }
      },
      "6": {
        "start": { "line": 18, "column": 2 },
        "end": { "line": 18, "column": null }
      },
      "7": {
        "start": { "line": 21, "column": 2 },
        "end": { "line": 21, "column": null }
      },
      "8": {
        "start": { "line": 4, "column": 13 },
        "end": { "line": 22, "column": null }
      },
      "9": {
        "start": { "line": 4, "column": 13 },
        "end": { "line": 4, "column": 33 }
      }
    },
    "fnMap": {},
    "branchMap": {},
    "s": {
      "0": 1,
      "1": 1,
      "2": 1,
      "3": 1,
      "4": 1,
      "5": 1,
      "6": 1,
      "7": 1,
      "8": 1,
      "9": 1
    },
    "f": {},
    "b": {}
  },
  "/home/juanma/Desktop/etymos-app/etymos-backend/src/inputs/CreateTestInput.ts": {
    "path": "/home/juanma/Desktop/etymos-app/etymos-backend/src/inputs/CreateTestInput.ts",
    "statementMap": {
      "0": {
        "start": { "line": 1, "column": 0 },
        "end": { "line": 1, "column": 48 }
      },
      "1": {
        "start": { "line": 4, "column": 0 },
        "end": { "line": 13, "column": null }
      },
      "2": {
        "start": { "line": 6, "column": 2 },
        "end": { "line": 6, "column": null }
      },
      "3": {
        "start": { "line": 9, "column": 2 },
        "end": { "line": 9, "column": null }
      },
      "4": {
        "start": { "line": 12, "column": 2 },
        "end": { "line": 12, "column": null }
      },
      "5": {
        "start": { "line": 4, "column": 13 },
        "end": { "line": 13, "column": null }
      },
      "6": {
        "start": { "line": 4, "column": 13 },
        "end": { "line": 4, "column": 28 }
      }
    },
    "fnMap": {},
    "branchMap": {},
    "s": { "0": 1, "1": 1, "2": 1, "3": 1, "4": 1, "5": 1, "6": 1 },
    "f": {},
    "b": {}
  },
  "/home/juanma/Desktop/etymos-app/etymos-backend/src/inputs/CreateUserInput.ts": {
    "path": "/home/juanma/Desktop/etymos-app/etymos-backend/src/inputs/CreateUserInput.ts",
    "statementMap": {
      "0": {
        "start": { "line": 1, "column": 0 },
        "end": { "line": 1, "column": 48 }
      },
      "1": {
        "start": { "line": 4, "column": 0 },
        "end": { "line": 13, "column": null }
      },
      "2": {
        "start": { "line": 6, "column": 2 },
        "end": { "line": 6, "column": null }
      },
      "3": {
        "start": { "line": 9, "column": 2 },
        "end": { "line": 9, "column": null }
      },
      "4": {
        "start": { "line": 12, "column": 2 },
        "end": { "line": 12, "column": null }
      },
      "5": {
        "start": { "line": 4, "column": 13 },
        "end": { "line": 13, "column": null }
      },
      "6": {
        "start": { "line": 4, "column": 13 },
        "end": { "line": 4, "column": 28 }
      }
    },
    "fnMap": {},
    "branchMap": {},
    "s": { "0": 1, "1": 1, "2": 1, "3": 1, "4": 1, "5": 1, "6": 1 },
    "f": {},
    "b": {}
  },
  "/home/juanma/Desktop/etymos-app/etymos-backend/src/inputs/CreateVersionInput.ts": {
    "path": "/home/juanma/Desktop/etymos-app/etymos-backend/src/inputs/CreateVersionInput.ts",
    "statementMap": {
      "0": {
        "start": { "line": 1, "column": 0 },
        "end": { "line": 1, "column": 48 }
      },
      "1": {
        "start": { "line": 4, "column": 0 },
        "end": { "line": 16, "column": null }
      },
      "2": {
        "start": { "line": 6, "column": 2 },
        "end": { "line": 6, "column": null }
      },
      "3": {
        "start": { "line": 9, "column": 2 },
        "end": { "line": 9, "column": null }
      },
      "4": {
        "start": { "line": 12, "column": 2 },
        "end": { "line": 12, "column": null }
      },
      "5": {
        "start": { "line": 15, "column": 2 },
        "end": { "line": 15, "column": null }
      },
      "6": {
        "start": { "line": 4, "column": 13 },
        "end": { "line": 16, "column": null }
      },
      "7": {
        "start": { "line": 4, "column": 13 },
        "end": { "line": 4, "column": 31 }
      }
    },
    "fnMap": {},
    "branchMap": {},
    "s": { "0": 1, "1": 1, "2": 1, "3": 1, "4": 1, "5": 1, "6": 1, "7": 1 },
    "f": {},
    "b": {}
  },
  "/home/juanma/Desktop/etymos-app/etymos-backend/src/inputs/CreateWordInput.ts": {
    "path": "/home/juanma/Desktop/etymos-app/etymos-backend/src/inputs/CreateWordInput.ts",
    "statementMap": {
      "0": {
        "start": { "line": 1, "column": 0 },
        "end": { "line": 1, "column": 48 }
      },
      "1": {
        "start": { "line": 4, "column": 0 },
        "end": { "line": 19, "column": null }
      },
      "2": {
        "start": { "line": 6, "column": 2 },
        "end": { "line": 6, "column": null }
      },
      "3": {
        "start": { "line": 9, "column": 2 },
        "end": { "line": 9, "column": null }
      },
      "4": {
        "start": { "line": 12, "column": 2 },
        "end": { "line": 12, "column": null }
      },
      "5": {
        "start": { "line": 15, "column": 2 },
        "end": { "line": 15, "column": null }
      },
      "6": {
        "start": { "line": 18, "column": 2 },
        "end": { "line": 18, "column": null }
      },
      "7": {
        "start": { "line": 4, "column": 13 },
        "end": { "line": 19, "column": null }
      },
      "8": {
        "start": { "line": 4, "column": 13 },
        "end": { "line": 4, "column": 28 }
      }
    },
    "fnMap": {},
    "branchMap": {},
    "s": {
      "0": 1,
      "1": 1,
      "2": 1,
      "3": 1,
      "4": 1,
      "5": 1,
      "6": 1,
      "7": 1,
      "8": 1
    },
    "f": {},
    "b": {}
  },
  "/home/juanma/Desktop/etymos-app/etymos-backend/src/inputs/UpdateCategoryInput.ts": {
    "path": "/home/juanma/Desktop/etymos-app/etymos-backend/src/inputs/UpdateCategoryInput.ts",
    "statementMap": {
      "0": {
        "start": { "line": 1, "column": 0 },
        "end": { "line": 1, "column": 48 }
      },
      "1": {
        "start": { "line": 4, "column": 0 },
        "end": { "line": 13, "column": null }
      },
      "2": {
        "start": { "line": 6, "column": 2 },
        "end": { "line": 6, "column": null }
      },
      "3": {
        "start": { "line": 9, "column": 2 },
        "end": { "line": 9, "column": null }
      },
      "4": {
        "start": { "line": 12, "column": 2 },
        "end": { "line": 12, "column": null }
      },
      "5": {
        "start": { "line": 4, "column": 13 },
        "end": { "line": 13, "column": null }
      },
      "6": {
        "start": { "line": 4, "column": 13 },
        "end": { "line": 4, "column": 32 }
      }
    },
    "fnMap": {},
    "branchMap": {},
    "s": { "0": 1, "1": 1, "2": 1, "3": 1, "4": 1, "5": 1, "6": 1 },
    "f": {},
    "b": {}
  },
  "/home/juanma/Desktop/etymos-app/etymos-backend/src/inputs/UpdateEtymologyInput.ts": {
    "path": "/home/juanma/Desktop/etymos-app/etymos-backend/src/inputs/UpdateEtymologyInput.ts",
    "statementMap": {
      "0": {
        "start": { "line": 1, "column": 0 },
        "end": { "line": 1, "column": 48 }
      },
      "1": {
        "start": { "line": 4, "column": 0 },
        "end": { "line": 22, "column": null }
      },
      "2": {
        "start": { "line": 6, "column": 2 },
        "end": { "line": 6, "column": null }
      },
      "3": {
        "start": { "line": 9, "column": 2 },
        "end": { "line": 9, "column": null }
      },
      "4": {
        "start": { "line": 12, "column": 2 },
        "end": { "line": 12, "column": null }
      },
      "5": {
        "start": { "line": 15, "column": 2 },
        "end": { "line": 15, "column": null }
      },
      "6": {
        "start": { "line": 18, "column": 2 },
        "end": { "line": 18, "column": null }
      },
      "7": {
        "start": { "line": 21, "column": 2 },
        "end": { "line": 21, "column": null }
      },
      "8": {
        "start": { "line": 4, "column": 13 },
        "end": { "line": 22, "column": null }
      },
      "9": {
        "start": { "line": 4, "column": 13 },
        "end": { "line": 4, "column": 33 }
      }
    },
    "fnMap": {},
    "branchMap": {},
    "s": {
      "0": 1,
      "1": 1,
      "2": 1,
      "3": 1,
      "4": 1,
      "5": 1,
      "6": 1,
      "7": 1,
      "8": 1,
      "9": 1
    },
    "f": {},
    "b": {}
  },
  "/home/juanma/Desktop/etymos-app/etymos-backend/src/inputs/UpdateOptionInput.ts": {
    "path": "/home/juanma/Desktop/etymos-app/etymos-backend/src/inputs/UpdateOptionInput.ts",
    "statementMap": {
      "0": {
        "start": { "line": 1, "column": 0 },
        "end": { "line": 1, "column": 48 }
      },
      "1": {
        "start": { "line": 4, "column": 0 },
        "end": { "line": 13, "column": null }
      },
      "2": {
        "start": { "line": 6, "column": 2 },
        "end": { "line": 6, "column": null }
      },
      "3": {
        "start": { "line": 9, "column": 2 },
        "end": { "line": 9, "column": null }
      },
      "4": {
        "start": { "line": 12, "column": 2 },
        "end": { "line": 12, "column": null }
      },
      "5": {
        "start": { "line": 4, "column": 13 },
        "end": { "line": 13, "column": null }
      },
      "6": {
        "start": { "line": 4, "column": 13 },
        "end": { "line": 4, "column": 30 }
      }
    },
    "fnMap": {},
    "branchMap": {},
    "s": { "0": 1, "1": 1, "2": 1, "3": 1, "4": 1, "5": 1, "6": 1 },
    "f": {},
    "b": {}
  },
  "/home/juanma/Desktop/etymos-app/etymos-backend/src/inputs/UpdatePatternInput.ts": {
    "path": "/home/juanma/Desktop/etymos-app/etymos-backend/src/inputs/UpdatePatternInput.ts",
    "statementMap": {
      "0": {
        "start": { "line": 1, "column": 0 },
        "end": { "line": 1, "column": 48 }
      },
      "1": {
        "start": { "line": 4, "column": 0 },
        "end": { "line": 10, "column": null }
      },
      "2": {
        "start": { "line": 6, "column": 2 },
        "end": { "line": 6, "column": null }
      },
      "3": {
        "start": { "line": 9, "column": 2 },
        "end": { "line": 9, "column": null }
      },
      "4": {
        "start": { "line": 4, "column": 13 },
        "end": { "line": 10, "column": null }
      },
      "5": {
        "start": { "line": 4, "column": 13 },
        "end": { "line": 4, "column": 31 }
      }
    },
    "fnMap": {},
    "branchMap": {},
    "s": { "0": 1, "1": 1, "2": 1, "3": 1, "4": 1, "5": 1 },
    "f": {},
    "b": {}
  },
  "/home/juanma/Desktop/etymos-app/etymos-backend/src/inputs/UpdateQuestionInput.ts": {
    "path": "/home/juanma/Desktop/etymos-app/etymos-backend/src/inputs/UpdateQuestionInput.ts",
    "statementMap": {
      "0": {
        "start": { "line": 1, "column": 0 },
        "end": { "line": 1, "column": 48 }
      },
      "1": {
        "start": { "line": 4, "column": 0 },
        "end": { "line": 13, "column": null }
      },
      "2": {
        "start": { "line": 6, "column": 2 },
        "end": { "line": 6, "column": null }
      },
      "3": {
        "start": { "line": 9, "column": 2 },
        "end": { "line": 9, "column": null }
      },
      "4": {
        "start": { "line": 12, "column": 2 },
        "end": { "line": 12, "column": null }
      },
      "5": {
        "start": { "line": 4, "column": 13 },
        "end": { "line": 13, "column": null }
      },
      "6": {
        "start": { "line": 4, "column": 13 },
        "end": { "line": 4, "column": 32 }
      }
    },
    "fnMap": {},
    "branchMap": {},
    "s": { "0": 1, "1": 1, "2": 1, "3": 1, "4": 1, "5": 1, "6": 1 },
    "f": {},
    "b": {}
  },
  "/home/juanma/Desktop/etymos-app/etymos-backend/src/inputs/UpdateReferenceInput.ts": {
    "path": "/home/juanma/Desktop/etymos-app/etymos-backend/src/inputs/UpdateReferenceInput.ts",
    "statementMap": {
      "0": {
        "start": { "line": 1, "column": 0 },
        "end": { "line": 1, "column": 48 }
      },
      "1": {
        "start": { "line": 4, "column": 0 },
        "end": { "line": 22, "column": null }
      },
      "2": {
        "start": { "line": 6, "column": 2 },
        "end": { "line": 6, "column": null }
      },
      "3": {
        "start": { "line": 9, "column": 2 },
        "end": { "line": 9, "column": null }
      },
      "4": {
        "start": { "line": 12, "column": 2 },
        "end": { "line": 12, "column": null }
      },
      "5": {
        "start": { "line": 15, "column": 2 },
        "end": { "line": 15, "column": null }
      },
      "6": {
        "start": { "line": 18, "column": 2 },
        "end": { "line": 18, "column": null }
      },
      "7": {
        "start": { "line": 21, "column": 2 },
        "end": { "line": 21, "column": null }
      },
      "8": {
        "start": { "line": 4, "column": 13 },
        "end": { "line": 22, "column": null }
      },
      "9": {
        "start": { "line": 4, "column": 13 },
        "end": { "line": 4, "column": 33 }
      }
    },
    "fnMap": {},
    "branchMap": {},
    "s": {
      "0": 1,
      "1": 1,
      "2": 1,
      "3": 1,
      "4": 1,
      "5": 1,
      "6": 1,
      "7": 1,
      "8": 1,
      "9": 1
    },
    "f": {},
    "b": {}
  },
  "/home/juanma/Desktop/etymos-app/etymos-backend/src/inputs/UpdateTestInput.ts": {
    "path": "/home/juanma/Desktop/etymos-app/etymos-backend/src/inputs/UpdateTestInput.ts",
    "statementMap": {
      "0": {
        "start": { "line": 1, "column": 0 },
        "end": { "line": 1, "column": 48 }
      },
      "1": {
        "start": { "line": 4, "column": 0 },
        "end": { "line": 13, "column": null }
      },
      "2": {
        "start": { "line": 6, "column": 2 },
        "end": { "line": 6, "column": null }
      },
      "3": {
        "start": { "line": 9, "column": 2 },
        "end": { "line": 9, "column": null }
      },
      "4": {
        "start": { "line": 12, "column": 2 },
        "end": { "line": 12, "column": null }
      },
      "5": {
        "start": { "line": 4, "column": 13 },
        "end": { "line": 13, "column": null }
      },
      "6": {
        "start": { "line": 4, "column": 13 },
        "end": { "line": 4, "column": 28 }
      }
    },
    "fnMap": {},
    "branchMap": {},
    "s": { "0": 1, "1": 1, "2": 1, "3": 1, "4": 1, "5": 1, "6": 1 },
    "f": {},
    "b": {}
  },
  "/home/juanma/Desktop/etymos-app/etymos-backend/src/inputs/UpdateUserInput.ts": {
    "path": "/home/juanma/Desktop/etymos-app/etymos-backend/src/inputs/UpdateUserInput.ts",
    "statementMap": {
      "0": {
        "start": { "line": 1, "column": 0 },
        "end": { "line": 1, "column": 48 }
      },
      "1": {
        "start": { "line": 4, "column": 0 },
        "end": { "line": 13, "column": null }
      },
      "2": {
        "start": { "line": 6, "column": 2 },
        "end": { "line": 6, "column": null }
      },
      "3": {
        "start": { "line": 9, "column": 2 },
        "end": { "line": 9, "column": null }
      },
      "4": {
        "start": { "line": 12, "column": 2 },
        "end": { "line": 12, "column": null }
      },
      "5": {
        "start": { "line": 4, "column": 13 },
        "end": { "line": 13, "column": null }
      },
      "6": {
        "start": { "line": 4, "column": 13 },
        "end": { "line": 4, "column": 28 }
      }
    },
    "fnMap": {},
    "branchMap": {},
    "s": { "0": 1, "1": 1, "2": 1, "3": 1, "4": 1, "5": 1, "6": 1 },
    "f": {},
    "b": {}
  },
  "/home/juanma/Desktop/etymos-app/etymos-backend/src/inputs/UpdateVersionInput.ts": {
    "path": "/home/juanma/Desktop/etymos-app/etymos-backend/src/inputs/UpdateVersionInput.ts",
    "statementMap": {
      "0": {
        "start": { "line": 1, "column": 0 },
        "end": { "line": 1, "column": 48 }
      },
      "1": {
        "start": { "line": 4, "column": 0 },
        "end": { "line": 16, "column": null }
      },
      "2": {
        "start": { "line": 6, "column": 2 },
        "end": { "line": 6, "column": null }
      },
      "3": {
        "start": { "line": 9, "column": 2 },
        "end": { "line": 9, "column": null }
      },
      "4": {
        "start": { "line": 12, "column": 2 },
        "end": { "line": 12, "column": null }
      },
      "5": {
        "start": { "line": 15, "column": 2 },
        "end": { "line": 15, "column": null }
      },
      "6": {
        "start": { "line": 4, "column": 13 },
        "end": { "line": 16, "column": null }
      },
      "7": {
        "start": { "line": 4, "column": 13 },
        "end": { "line": 4, "column": 31 }
      }
    },
    "fnMap": {},
    "branchMap": {},
    "s": { "0": 1, "1": 1, "2": 1, "3": 1, "4": 1, "5": 1, "6": 1, "7": 1 },
    "f": {},
    "b": {}
  },
  "/home/juanma/Desktop/etymos-app/etymos-backend/src/inputs/UpdateWordInput.ts": {
    "path": "/home/juanma/Desktop/etymos-app/etymos-backend/src/inputs/UpdateWordInput.ts",
    "statementMap": {
      "0": {
        "start": { "line": 1, "column": 0 },
        "end": { "line": 1, "column": 48 }
      },
      "1": {
        "start": { "line": 4, "column": 0 },
        "end": { "line": 19, "column": null }
      },
      "2": {
        "start": { "line": 6, "column": 2 },
        "end": { "line": 6, "column": null }
      },
      "3": {
        "start": { "line": 9, "column": 2 },
        "end": { "line": 9, "column": null }
      },
      "4": {
        "start": { "line": 12, "column": 2 },
        "end": { "line": 12, "column": null }
      },
      "5": {
        "start": { "line": 15, "column": 2 },
        "end": { "line": 15, "column": null }
      },
      "6": {
        "start": { "line": 18, "column": 2 },
        "end": { "line": 18, "column": null }
      },
      "7": {
        "start": { "line": 4, "column": 13 },
        "end": { "line": 19, "column": null }
      },
      "8": {
        "start": { "line": 4, "column": 13 },
        "end": { "line": 4, "column": 28 }
      }
    },
    "fnMap": {},
    "branchMap": {},
    "s": {
      "0": 1,
      "1": 1,
      "2": 1,
      "3": 1,
      "4": 1,
      "5": 1,
      "6": 1,
      "7": 1,
      "8": 1
    },
    "f": {},
    "b": {}
  },
  "/home/juanma/Desktop/etymos-app/etymos-backend/src/migrations/1609832025065-InitialMigration.ts": {
    "path": "/home/juanma/Desktop/etymos-app/etymos-backend/src/migrations/1609832025065-InitialMigration.ts",
    "statementMap": {
      "0": {
        "start": { "line": 4, "column": 2 },
        "end": { "line": 4, "column": 41 }
      },
      "1": {
        "start": { "line": 7, "column": 4 },
        "end": { "line": 9, "column": 6 }
      },
      "2": {
        "start": { "line": 10, "column": 4 },
        "end": { "line": 12, "column": 6 }
      },
      "3": {
        "start": { "line": 13, "column": 4 },
        "end": { "line": 15, "column": 6 }
      },
      "4": {
        "start": { "line": 16, "column": 4 },
        "end": { "line": 18, "column": 6 }
      },
      "5": {
        "start": { "line": 19, "column": 4 },
        "end": { "line": 21, "column": 6 }
      },
      "6": {
        "start": { "line": 22, "column": 4 },
        "end": { "line": 24, "column": 6 }
      },
      "7": {
        "start": { "line": 25, "column": 4 },
        "end": { "line": 27, "column": 6 }
      },
      "8": {
        "start": { "line": 28, "column": 4 },
        "end": { "line": 30, "column": 6 }
      },
      "9": {
        "start": { "line": 31, "column": 4 },
        "end": { "line": 33, "column": 6 }
      },
      "10": {
        "start": { "line": 34, "column": 4 },
        "end": { "line": 36, "column": 6 }
      },
      "11": {
        "start": { "line": 37, "column": 4 },
        "end": { "line": 39, "column": 6 }
      },
      "12": {
        "start": { "line": 40, "column": 4 },
        "end": { "line": 42, "column": 6 }
      },
      "13": {
        "start": { "line": 43, "column": 4 },
        "end": { "line": 45, "column": 6 }
      },
      "14": {
        "start": { "line": 46, "column": 4 },
        "end": { "line": 48, "column": 6 }
      },
      "15": {
        "start": { "line": 49, "column": 4 },
        "end": { "line": 51, "column": 6 }
      },
      "16": {
        "start": { "line": 52, "column": 4 },
        "end": { "line": 54, "column": 6 }
      },
      "17": {
        "start": { "line": 55, "column": 4 },
        "end": { "line": 57, "column": 6 }
      },
      "18": {
        "start": { "line": 58, "column": 4 },
        "end": { "line": 60, "column": 6 }
      },
      "19": {
        "start": { "line": 61, "column": 4 },
        "end": { "line": 63, "column": 6 }
      },
      "20": {
        "start": { "line": 64, "column": 4 },
        "end": { "line": 66, "column": 6 }
      },
      "21": {
        "start": { "line": 67, "column": 4 },
        "end": { "line": 69, "column": 6 }
      },
      "22": {
        "start": { "line": 70, "column": 4 },
        "end": { "line": 72, "column": 6 }
      },
      "23": {
        "start": { "line": 73, "column": 4 },
        "end": { "line": 75, "column": 6 }
      },
      "24": {
        "start": { "line": 76, "column": 4 },
        "end": { "line": 78, "column": 6 }
      },
      "25": {
        "start": { "line": 79, "column": 4 },
        "end": { "line": 81, "column": 6 }
      },
      "26": {
        "start": { "line": 82, "column": 4 },
        "end": { "line": 84, "column": 6 }
      },
      "27": {
        "start": { "line": 85, "column": 4 },
        "end": { "line": 87, "column": 6 }
      },
      "28": {
        "start": { "line": 88, "column": 4 },
        "end": { "line": 90, "column": 6 }
      },
      "29": {
        "start": { "line": 91, "column": 4 },
        "end": { "line": 93, "column": 6 }
      },
      "30": {
        "start": { "line": 97, "column": 4 },
        "end": { "line": 99, "column": 6 }
      },
      "31": {
        "start": { "line": 100, "column": 4 },
        "end": { "line": 102, "column": 6 }
      },
      "32": {
        "start": { "line": 103, "column": 4 },
        "end": { "line": 105, "column": 6 }
      },
      "33": {
        "start": { "line": 106, "column": 4 },
        "end": { "line": 108, "column": 6 }
      },
      "34": {
        "start": { "line": 109, "column": 4 },
        "end": { "line": 111, "column": 6 }
      },
      "35": {
        "start": { "line": 112, "column": 4 },
        "end": { "line": 114, "column": 6 }
      },
      "36": {
        "start": { "line": 115, "column": 4 },
        "end": { "line": 117, "column": 6 }
      },
      "37": {
        "start": { "line": 118, "column": 4 },
        "end": { "line": 120, "column": 6 }
      },
      "38": {
        "start": { "line": 121, "column": 4 },
        "end": { "line": 123, "column": 6 }
      },
      "39": {
        "start": { "line": 124, "column": 4 },
        "end": { "line": 126, "column": 6 }
      },
      "40": {
        "start": { "line": 127, "column": 4 },
        "end": { "line": 127, "column": 75 }
      },
      "41": {
        "start": { "line": 128, "column": 4 },
        "end": { "line": 128, "column": 75 }
      },
      "42": {
        "start": { "line": 129, "column": 4 },
        "end": { "line": 129, "column": 60 }
      },
      "43": {
        "start": { "line": 130, "column": 4 },
        "end": { "line": 130, "column": 75 }
      },
      "44": {
        "start": { "line": 131, "column": 4 },
        "end": { "line": 131, "column": 75 }
      },
      "45": {
        "start": { "line": 132, "column": 4 },
        "end": { "line": 132, "column": 71 }
      },
      "46": {
        "start": { "line": 133, "column": 4 },
        "end": { "line": 133, "column": 75 }
      },
      "47": {
        "start": { "line": 134, "column": 4 },
        "end": { "line": 134, "column": 75 }
      },
      "48": {
        "start": { "line": 135, "column": 4 },
        "end": { "line": 135, "column": 71 }
      },
      "49": {
        "start": { "line": 136, "column": 4 },
        "end": { "line": 136, "column": 62 }
      },
      "50": {
        "start": { "line": 137, "column": 4 },
        "end": { "line": 137, "column": 56 }
      },
      "51": {
        "start": { "line": 138, "column": 4 },
        "end": { "line": 138, "column": 51 }
      },
      "52": {
        "start": { "line": 139, "column": 4 },
        "end": { "line": 139, "column": 49 }
      },
      "53": {
        "start": { "line": 140, "column": 4 },
        "end": { "line": 140, "column": 49 }
      },
      "54": {
        "start": { "line": 141, "column": 4 },
        "end": { "line": 141, "column": 49 }
      },
      "55": {
        "start": { "line": 142, "column": 4 },
        "end": { "line": 142, "column": 54 }
      },
      "56": {
        "start": { "line": 143, "column": 4 },
        "end": { "line": 143, "column": 52 }
      },
      "57": {
        "start": { "line": 144, "column": 4 },
        "end": { "line": 144, "column": 53 }
      },
      "58": {
        "start": { "line": 145, "column": 4 },
        "end": { "line": 145, "column": 54 }
      },
      "59": {
        "start": { "line": 3, "column": 0 },
        "end": { "line": 3, "column": 13 }
      }
    },
    "fnMap": {
      "0": {
        "name": "(anonymous_0)",
        "decl": {
          "start": { "line": 3, "column": 0 },
          "end": { "line": 3, "column": 13 }
        },
        "loc": {
          "start": { "line": 3, "column": 0 },
          "end": { "line": 147, "column": 1 }
        }
      },
      "1": {
        "name": "(anonymous_1)",
        "decl": {
          "start": { "line": 6, "column": 9 },
          "end": { "line": 6, "column": 14 }
        },
        "loc": {
          "start": { "line": 6, "column": 42 },
          "end": { "line": 94, "column": 3 }
        }
      },
      "2": {
        "name": "(anonymous_2)",
        "decl": {
          "start": { "line": 96, "column": 9 },
          "end": { "line": 96, "column": 14 }
        },
        "loc": {
          "start": { "line": 96, "column": 44 },
          "end": { "line": 146, "column": 3 }
        }
      }
    },
    "branchMap": {},
    "s": {
      "0": 10,
      "1": 0,
      "2": 0,
      "3": 0,
      "4": 0,
      "5": 0,
      "6": 0,
      "7": 0,
      "8": 0,
      "9": 0,
      "10": 0,
      "11": 0,
      "12": 0,
      "13": 0,
      "14": 0,
      "15": 0,
      "16": 0,
      "17": 0,
      "18": 0,
      "19": 0,
      "20": 0,
      "21": 0,
      "22": 0,
      "23": 0,
      "24": 0,
      "25": 0,
      "26": 0,
      "27": 0,
      "28": 0,
      "29": 0,
      "30": 0,
      "31": 0,
      "32": 0,
      "33": 0,
      "34": 0,
      "35": 0,
      "36": 0,
      "37": 0,
      "38": 0,
      "39": 0,
      "40": 0,
      "41": 0,
      "42": 0,
      "43": 0,
      "44": 0,
      "45": 0,
      "46": 0,
      "47": 0,
      "48": 0,
      "49": 0,
      "50": 0,
      "51": 0,
      "52": 0,
      "53": 0,
      "54": 0,
      "55": 0,
      "56": 0,
      "57": 0,
      "58": 0,
      "59": 10
    },
    "f": { "0": 10, "1": 0, "2": 0 },
    "b": {}
  },
  "/home/juanma/Desktop/etymos-app/etymos-backend/src/migrations/1609902709018-AddRelations.ts": {
    "path": "/home/juanma/Desktop/etymos-app/etymos-backend/src/migrations/1609902709018-AddRelations.ts",
    "statementMap": {
      "0": {
        "start": { "line": 4, "column": 2 },
        "end": { "line": 4, "column": 37 }
      },
      "1": {
        "start": { "line": 7, "column": 4 },
        "end": { "line": 7, "column": 77 }
      },
      "2": {
        "start": { "line": 8, "column": 4 },
        "end": { "line": 10, "column": 6 }
      },
      "3": {
        "start": { "line": 11, "column": 4 },
        "end": { "line": 11, "column": 77 }
      },
      "4": {
        "start": { "line": 12, "column": 4 },
        "end": { "line": 14, "column": 6 }
      },
      "5": {
        "start": { "line": 18, "column": 4 },
        "end": { "line": 20, "column": 6 }
      },
      "6": {
        "start": { "line": 21, "column": 4 },
        "end": { "line": 21, "column": 77 }
      },
      "7": {
        "start": { "line": 22, "column": 4 },
        "end": { "line": 24, "column": 6 }
      },
      "8": {
        "start": { "line": 25, "column": 4 },
        "end": { "line": 25, "column": 77 }
      },
      "9": {
        "start": { "line": 3, "column": 0 },
        "end": { "line": 3, "column": 13 }
      }
    },
    "fnMap": {
      "0": {
        "name": "(anonymous_0)",
        "decl": {
          "start": { "line": 3, "column": 0 },
          "end": { "line": 3, "column": 13 }
        },
        "loc": {
          "start": { "line": 3, "column": 0 },
          "end": { "line": 27, "column": 1 }
        }
      },
      "1": {
        "name": "(anonymous_1)",
        "decl": {
          "start": { "line": 6, "column": 9 },
          "end": { "line": 6, "column": 14 }
        },
        "loc": {
          "start": { "line": 6, "column": 42 },
          "end": { "line": 15, "column": 3 }
        }
      },
      "2": {
        "name": "(anonymous_2)",
        "decl": {
          "start": { "line": 17, "column": 9 },
          "end": { "line": 17, "column": 14 }
        },
        "loc": {
          "start": { "line": 17, "column": 44 },
          "end": { "line": 26, "column": 3 }
        }
      }
    },
    "branchMap": {},
    "s": {
      "0": 10,
      "1": 0,
      "2": 0,
      "3": 0,
      "4": 0,
      "5": 0,
      "6": 0,
      "7": 0,
      "8": 0,
      "9": 10
    },
    "f": { "0": 10, "1": 0, "2": 0 },
    "b": {}
  },
  "/home/juanma/Desktop/etymos-app/etymos-backend/src/migrations/1609953776534-MERVersion202.ts": {
    "path": "/home/juanma/Desktop/etymos-app/etymos-backend/src/migrations/1609953776534-MERVersion202.ts",
    "statementMap": {
      "0": {
        "start": { "line": 4, "column": 2 },
        "end": { "line": 4, "column": 38 }
      },
      "1": {
        "start": { "line": 7, "column": 4 },
        "end": { "line": 9, "column": 6 }
      },
      "2": {
        "start": { "line": 10, "column": 4 },
        "end": { "line": 12, "column": 6 }
      },
      "3": {
        "start": { "line": 13, "column": 4 },
        "end": { "line": 15, "column": 6 }
      },
      "4": {
        "start": { "line": 16, "column": 4 },
        "end": { "line": 18, "column": 6 }
      },
      "5": {
        "start": { "line": 19, "column": 4 },
        "end": { "line": 21, "column": 6 }
      },
      "6": {
        "start": { "line": 22, "column": 4 },
        "end": { "line": 22, "column": 75 }
      },
      "7": {
        "start": { "line": 23, "column": 4 },
        "end": { "line": 23, "column": 75 }
      },
      "8": {
        "start": { "line": 24, "column": 4 },
        "end": { "line": 26, "column": 6 }
      },
      "9": {
        "start": { "line": 30, "column": 4 },
        "end": { "line": 32, "column": 6 }
      },
      "10": {
        "start": { "line": 33, "column": 4 },
        "end": { "line": 33, "column": 75 }
      },
      "11": {
        "start": { "line": 34, "column": 4 },
        "end": { "line": 36, "column": 6 }
      },
      "12": {
        "start": { "line": 37, "column": 4 },
        "end": { "line": 37, "column": 71 }
      },
      "13": {
        "start": { "line": 38, "column": 4 },
        "end": { "line": 38, "column": 52 }
      },
      "14": {
        "start": { "line": 39, "column": 4 },
        "end": { "line": 39, "column": 53 }
      },
      "15": {
        "start": { "line": 40, "column": 4 },
        "end": { "line": 40, "column": 51 }
      },
      "16": {
        "start": { "line": 41, "column": 4 },
        "end": { "line": 43, "column": 6 }
      },
      "17": {
        "start": { "line": 3, "column": 0 },
        "end": { "line": 3, "column": 13 }
      }
    },
    "fnMap": {
      "0": {
        "name": "(anonymous_0)",
        "decl": {
          "start": { "line": 3, "column": 0 },
          "end": { "line": 3, "column": 13 }
        },
        "loc": {
          "start": { "line": 3, "column": 0 },
          "end": { "line": 45, "column": 1 }
        }
      },
      "1": {
        "name": "(anonymous_1)",
        "decl": {
          "start": { "line": 6, "column": 9 },
          "end": { "line": 6, "column": 14 }
        },
        "loc": {
          "start": { "line": 6, "column": 42 },
          "end": { "line": 27, "column": 3 }
        }
      },
      "2": {
        "name": "(anonymous_2)",
        "decl": {
          "start": { "line": 29, "column": 9 },
          "end": { "line": 29, "column": 14 }
        },
        "loc": {
          "start": { "line": 29, "column": 44 },
          "end": { "line": 44, "column": 3 }
        }
      }
    },
    "branchMap": {},
    "s": {
      "0": 10,
      "1": 0,
      "2": 0,
      "3": 0,
      "4": 0,
      "5": 0,
      "6": 0,
      "7": 0,
      "8": 0,
      "9": 0,
      "10": 0,
      "11": 0,
      "12": 0,
      "13": 0,
      "14": 0,
      "15": 0,
      "16": 0,
      "17": 10
    },
    "f": { "0": 10, "1": 0, "2": 0 },
    "b": {}
  },
  "/home/juanma/Desktop/etymos-app/etymos-backend/src/migrations/1609955318546-ChangeTestRelations.ts": {
    "path": "/home/juanma/Desktop/etymos-app/etymos-backend/src/migrations/1609955318546-ChangeTestRelations.ts",
    "statementMap": {
      "0": {
        "start": { "line": 4, "column": 2 },
        "end": { "line": 4, "column": 44 }
      },
      "1": {
        "start": { "line": 7, "column": 4 },
        "end": { "line": 7, "column": 77 }
      },
      "2": {
        "start": { "line": 8, "column": 4 },
        "end": { "line": 10, "column": 6 }
      },
      "3": {
        "start": { "line": 11, "column": 4 },
        "end": { "line": 13, "column": 6 }
      },
      "4": {
        "start": { "line": 14, "column": 4 },
        "end": { "line": 16, "column": 6 }
      },
      "5": {
        "start": { "line": 20, "column": 4 },
        "end": { "line": 22, "column": 6 }
      },
      "6": {
        "start": { "line": 23, "column": 4 },
        "end": { "line": 25, "column": 6 }
      },
      "7": {
        "start": { "line": 26, "column": 4 },
        "end": { "line": 28, "column": 6 }
      },
      "8": {
        "start": { "line": 29, "column": 4 },
        "end": { "line": 29, "column": 77 }
      },
      "9": {
        "start": { "line": 3, "column": 0 },
        "end": { "line": 3, "column": 13 }
      }
    },
    "fnMap": {
      "0": {
        "name": "(anonymous_0)",
        "decl": {
          "start": { "line": 3, "column": 0 },
          "end": { "line": 3, "column": 13 }
        },
        "loc": {
          "start": { "line": 3, "column": 0 },
          "end": { "line": 31, "column": 1 }
        }
      },
      "1": {
        "name": "(anonymous_1)",
        "decl": {
          "start": { "line": 6, "column": 9 },
          "end": { "line": 6, "column": 14 }
        },
        "loc": {
          "start": { "line": 6, "column": 42 },
          "end": { "line": 17, "column": 3 }
        }
      },
      "2": {
        "name": "(anonymous_2)",
        "decl": {
          "start": { "line": 19, "column": 9 },
          "end": { "line": 19, "column": 14 }
        },
        "loc": {
          "start": { "line": 19, "column": 44 },
          "end": { "line": 30, "column": 3 }
        }
      }
    },
    "branchMap": {},
    "s": {
      "0": 10,
      "1": 0,
      "2": 0,
      "3": 0,
      "4": 0,
      "5": 0,
      "6": 0,
      "7": 0,
      "8": 0,
      "9": 10
    },
    "f": { "0": 10, "1": 0, "2": 0 },
    "b": {}
  },
  "/home/juanma/Desktop/etymos-app/etymos-backend/src/migrations/1610660228016-ChangeLengthForCategoryName.ts": {
    "path": "/home/juanma/Desktop/etymos-app/etymos-backend/src/migrations/1610660228016-ChangeLengthForCategoryName.ts",
    "statementMap": {
      "0": {
        "start": { "line": 6, "column": 2 },
        "end": { "line": 6, "column": 52 }
      },
      "1": {
        "start": { "line": 9, "column": 4 },
        "end": { "line": 11, "column": 6 }
      },
      "2": {
        "start": { "line": 12, "column": 4 },
        "end": { "line": 12, "column": 73 }
      },
      "3": {
        "start": { "line": 13, "column": 4 },
        "end": { "line": 15, "column": 6 }
      },
      "4": {
        "start": { "line": 16, "column": 4 },
        "end": { "line": 18, "column": 6 }
      },
      "5": {
        "start": { "line": 22, "column": 4 },
        "end": { "line": 24, "column": 6 }
      },
      "6": {
        "start": { "line": 25, "column": 4 },
        "end": { "line": 25, "column": 73 }
      },
      "7": {
        "start": { "line": 26, "column": 4 },
        "end": { "line": 28, "column": 6 }
      },
      "8": {
        "start": { "line": 29, "column": 4 },
        "end": { "line": 31, "column": 6 }
      },
      "9": {
        "start": { "line": 3, "column": 0 },
        "end": { "line": 3, "column": 13 }
      }
    },
    "fnMap": {
      "0": {
        "name": "(anonymous_0)",
        "decl": {
          "start": { "line": 3, "column": 0 },
          "end": { "line": 3, "column": 13 }
        },
        "loc": {
          "start": { "line": 3, "column": 0 },
          "end": { "line": 33, "column": 1 }
        }
      },
      "1": {
        "name": "(anonymous_1)",
        "decl": {
          "start": { "line": 8, "column": 9 },
          "end": { "line": 8, "column": 14 }
        },
        "loc": {
          "start": { "line": 8, "column": 42 },
          "end": { "line": 19, "column": 3 }
        }
      },
      "2": {
        "name": "(anonymous_2)",
        "decl": {
          "start": { "line": 21, "column": 9 },
          "end": { "line": 21, "column": 14 }
        },
        "loc": {
          "start": { "line": 21, "column": 44 },
          "end": { "line": 32, "column": 3 }
        }
      }
    },
    "branchMap": {},
    "s": {
      "0": 10,
      "1": 0,
      "2": 0,
      "3": 0,
      "4": 0,
      "5": 0,
      "6": 0,
      "7": 0,
      "8": 0,
      "9": 10
    },
    "f": { "0": 10, "1": 0, "2": 0 },
    "b": {}
  },
  "/home/juanma/Desktop/etymos-app/etymos-backend/src/migrations/1610687701232-ChangeImageUrlLength.ts": {
    "path": "/home/juanma/Desktop/etymos-app/etymos-backend/src/migrations/1610687701232-ChangeImageUrlLength.ts",
    "statementMap": {
      "0": {
        "start": { "line": 4, "column": 2 },
        "end": { "line": 4, "column": 45 }
      },
      "1": {
        "start": { "line": 7, "column": 4 },
        "end": { "line": 7, "column": 78 }
      },
      "2": {
        "start": { "line": 8, "column": 4 },
        "end": { "line": 10, "column": 6 }
      },
      "3": {
        "start": { "line": 11, "column": 4 },
        "end": { "line": 11, "column": 73 }
      },
      "4": {
        "start": { "line": 12, "column": 4 },
        "end": { "line": 14, "column": 6 }
      },
      "5": {
        "start": { "line": 18, "column": 4 },
        "end": { "line": 18, "column": 73 }
      },
      "6": {
        "start": { "line": 19, "column": 4 },
        "end": { "line": 21, "column": 6 }
      },
      "7": {
        "start": { "line": 22, "column": 4 },
        "end": { "line": 22, "column": 78 }
      },
      "8": {
        "start": { "line": 23, "column": 4 },
        "end": { "line": 25, "column": 6 }
      },
      "9": {
        "start": { "line": 3, "column": 0 },
        "end": { "line": 3, "column": 13 }
      }
    },
    "fnMap": {
      "0": {
        "name": "(anonymous_0)",
        "decl": {
          "start": { "line": 3, "column": 0 },
          "end": { "line": 3, "column": 13 }
        },
        "loc": {
          "start": { "line": 3, "column": 0 },
          "end": { "line": 27, "column": 1 }
        }
      },
      "1": {
        "name": "(anonymous_1)",
        "decl": {
          "start": { "line": 6, "column": 9 },
          "end": { "line": 6, "column": 14 }
        },
        "loc": {
          "start": { "line": 6, "column": 42 },
          "end": { "line": 15, "column": 3 }
        }
      },
      "2": {
        "name": "(anonymous_2)",
        "decl": {
          "start": { "line": 17, "column": 9 },
          "end": { "line": 17, "column": 14 }
        },
        "loc": {
          "start": { "line": 17, "column": 44 },
          "end": { "line": 26, "column": 3 }
        }
      }
    },
    "branchMap": {},
    "s": {
      "0": 10,
      "1": 0,
      "2": 0,
      "3": 0,
      "4": 0,
      "5": 0,
      "6": 0,
      "7": 0,
      "8": 0,
      "9": 10
    },
    "f": { "0": 10, "1": 0, "2": 0 },
    "b": {}
  },
  "/home/juanma/Desktop/etymos-app/etymos-backend/src/migrations/1610753323945-ChangeLengthForQuestionSentence.ts": {
    "path": "/home/juanma/Desktop/etymos-app/etymos-backend/src/migrations/1610753323945-ChangeLengthForQuestionSentence.ts",
    "statementMap": {
      "0": {
        "start": { "line": 6, "column": 2 },
        "end": { "line": 6, "column": 56 }
      },
      "1": {
        "start": { "line": 9, "column": 4 },
        "end": { "line": 11, "column": 6 }
      },
      "2": {
        "start": { "line": 12, "column": 4 },
        "end": { "line": 12, "column": 77 }
      },
      "3": {
        "start": { "line": 13, "column": 4 },
        "end": { "line": 15, "column": 6 }
      },
      "4": {
        "start": { "line": 16, "column": 4 },
        "end": { "line": 18, "column": 6 }
      },
      "5": {
        "start": { "line": 22, "column": 4 },
        "end": { "line": 24, "column": 6 }
      },
      "6": {
        "start": { "line": 25, "column": 4 },
        "end": { "line": 25, "column": 77 }
      },
      "7": {
        "start": { "line": 26, "column": 4 },
        "end": { "line": 28, "column": 6 }
      },
      "8": {
        "start": { "line": 29, "column": 4 },
        "end": { "line": 31, "column": 6 }
      },
      "9": {
        "start": { "line": 3, "column": 0 },
        "end": { "line": 3, "column": 13 }
      }
    },
    "fnMap": {
      "0": {
        "name": "(anonymous_0)",
        "decl": {
          "start": { "line": 3, "column": 0 },
          "end": { "line": 3, "column": 13 }
        },
        "loc": {
          "start": { "line": 3, "column": 0 },
          "end": { "line": 33, "column": 1 }
        }
      },
      "1": {
        "name": "(anonymous_1)",
        "decl": {
          "start": { "line": 8, "column": 9 },
          "end": { "line": 8, "column": 14 }
        },
        "loc": {
          "start": { "line": 8, "column": 42 },
          "end": { "line": 19, "column": 3 }
        }
      },
      "2": {
        "name": "(anonymous_2)",
        "decl": {
          "start": { "line": 21, "column": 9 },
          "end": { "line": 21, "column": 14 }
        },
        "loc": {
          "start": { "line": 21, "column": 44 },
          "end": { "line": 32, "column": 3 }
        }
      }
    },
    "branchMap": {},
    "s": {
      "0": 10,
      "1": 0,
      "2": 0,
      "3": 0,
      "4": 0,
      "5": 0,
      "6": 0,
      "7": 0,
      "8": 0,
      "9": 10
    },
    "f": { "0": 10, "1": 0, "2": 0 },
    "b": {}
  },
  "/home/juanma/Desktop/etymos-app/etymos-backend/src/migrations/1610754374325-ChangeAttributesLength.ts": {
    "path": "/home/juanma/Desktop/etymos-app/etymos-backend/src/migrations/1610754374325-ChangeAttributesLength.ts",
    "statementMap": {
      "0": {
        "start": { "line": 4, "column": 2 },
        "end": { "line": 4, "column": 47 }
      },
      "1": {
        "start": { "line": 7, "column": 4 },
        "end": { "line": 7, "column": 76 }
      },
      "2": {
        "start": { "line": 8, "column": 4 },
        "end": { "line": 10, "column": 6 }
      },
      "3": {
        "start": { "line": 11, "column": 4 },
        "end": { "line": 13, "column": 6 }
      },
      "4": {
        "start": { "line": 14, "column": 4 },
        "end": { "line": 14, "column": 75 }
      },
      "5": {
        "start": { "line": 15, "column": 4 },
        "end": { "line": 17, "column": 6 }
      },
      "6": {
        "start": { "line": 18, "column": 4 },
        "end": { "line": 20, "column": 6 }
      },
      "7": {
        "start": { "line": 21, "column": 4 },
        "end": { "line": 23, "column": 6 }
      },
      "8": {
        "start": { "line": 24, "column": 4 },
        "end": { "line": 26, "column": 6 }
      },
      "9": {
        "start": { "line": 27, "column": 4 },
        "end": { "line": 29, "column": 6 }
      },
      "10": {
        "start": { "line": 30, "column": 4 },
        "end": { "line": 32, "column": 6 }
      },
      "11": {
        "start": { "line": 33, "column": 4 },
        "end": { "line": 35, "column": 6 }
      },
      "12": {
        "start": { "line": 36, "column": 4 },
        "end": { "line": 36, "column": 73 }
      },
      "13": {
        "start": { "line": 37, "column": 4 },
        "end": { "line": 39, "column": 6 }
      },
      "14": {
        "start": { "line": 40, "column": 4 },
        "end": { "line": 42, "column": 6 }
      },
      "15": {
        "start": { "line": 43, "column": 4 },
        "end": { "line": 45, "column": 6 }
      },
      "16": {
        "start": { "line": 46, "column": 4 },
        "end": { "line": 46, "column": 70 }
      },
      "17": {
        "start": { "line": 47, "column": 4 },
        "end": { "line": 49, "column": 6 }
      },
      "18": {
        "start": { "line": 50, "column": 4 },
        "end": { "line": 52, "column": 6 }
      },
      "19": {
        "start": { "line": 53, "column": 4 },
        "end": { "line": 53, "column": 69 }
      },
      "20": {
        "start": { "line": 54, "column": 4 },
        "end": { "line": 56, "column": 6 }
      },
      "21": {
        "start": { "line": 57, "column": 4 },
        "end": { "line": 59, "column": 6 }
      },
      "22": {
        "start": { "line": 60, "column": 4 },
        "end": { "line": 60, "column": 75 }
      },
      "23": {
        "start": { "line": 61, "column": 4 },
        "end": { "line": 63, "column": 6 }
      },
      "24": {
        "start": { "line": 64, "column": 4 },
        "end": { "line": 66, "column": 6 }
      },
      "25": {
        "start": { "line": 67, "column": 4 },
        "end": { "line": 67, "column": 74 }
      },
      "26": {
        "start": { "line": 68, "column": 4 },
        "end": { "line": 70, "column": 6 }
      },
      "27": {
        "start": { "line": 71, "column": 4 },
        "end": { "line": 73, "column": 6 }
      },
      "28": {
        "start": { "line": 74, "column": 4 },
        "end": { "line": 76, "column": 6 }
      },
      "29": {
        "start": { "line": 77, "column": 4 },
        "end": { "line": 79, "column": 6 }
      },
      "30": {
        "start": { "line": 80, "column": 4 },
        "end": { "line": 82, "column": 6 }
      },
      "31": {
        "start": { "line": 83, "column": 4 },
        "end": { "line": 83, "column": 78 }
      },
      "32": {
        "start": { "line": 84, "column": 4 },
        "end": { "line": 86, "column": 6 }
      },
      "33": {
        "start": { "line": 87, "column": 4 },
        "end": { "line": 89, "column": 6 }
      },
      "34": {
        "start": { "line": 90, "column": 4 },
        "end": { "line": 90, "column": 69 }
      },
      "35": {
        "start": { "line": 91, "column": 4 },
        "end": { "line": 93, "column": 6 }
      },
      "36": {
        "start": { "line": 94, "column": 4 },
        "end": { "line": 96, "column": 6 }
      },
      "37": {
        "start": { "line": 97, "column": 4 },
        "end": { "line": 99, "column": 6 }
      },
      "38": {
        "start": { "line": 100, "column": 4 },
        "end": { "line": 100, "column": 73 }
      },
      "39": {
        "start": { "line": 101, "column": 4 },
        "end": { "line": 103, "column": 6 }
      },
      "40": {
        "start": { "line": 104, "column": 4 },
        "end": { "line": 106, "column": 6 }
      },
      "41": {
        "start": { "line": 107, "column": 4 },
        "end": { "line": 107, "column": 75 }
      },
      "42": {
        "start": { "line": 108, "column": 4 },
        "end": { "line": 110, "column": 6 }
      },
      "43": {
        "start": { "line": 114, "column": 4 },
        "end": { "line": 114, "column": 75 }
      },
      "44": {
        "start": { "line": 115, "column": 4 },
        "end": { "line": 117, "column": 6 }
      },
      "45": {
        "start": { "line": 118, "column": 4 },
        "end": { "line": 120, "column": 6 }
      },
      "46": {
        "start": { "line": 121, "column": 4 },
        "end": { "line": 121, "column": 73 }
      },
      "47": {
        "start": { "line": 122, "column": 4 },
        "end": { "line": 124, "column": 6 }
      },
      "48": {
        "start": { "line": 125, "column": 4 },
        "end": { "line": 127, "column": 6 }
      },
      "49": {
        "start": { "line": 128, "column": 4 },
        "end": { "line": 130, "column": 6 }
      },
      "50": {
        "start": { "line": 131, "column": 4 },
        "end": { "line": 131, "column": 69 }
      },
      "51": {
        "start": { "line": 132, "column": 4 },
        "end": { "line": 134, "column": 6 }
      },
      "52": {
        "start": { "line": 135, "column": 4 },
        "end": { "line": 137, "column": 6 }
      },
      "53": {
        "start": { "line": 138, "column": 4 },
        "end": { "line": 138, "column": 78 }
      },
      "54": {
        "start": { "line": 139, "column": 4 },
        "end": { "line": 141, "column": 6 }
      },
      "55": {
        "start": { "line": 142, "column": 4 },
        "end": { "line": 144, "column": 6 }
      },
      "56": {
        "start": { "line": 145, "column": 4 },
        "end": { "line": 147, "column": 6 }
      },
      "57": {
        "start": { "line": 148, "column": 4 },
        "end": { "line": 150, "column": 6 }
      },
      "58": {
        "start": { "line": 151, "column": 4 },
        "end": { "line": 153, "column": 6 }
      },
      "59": {
        "start": { "line": 154, "column": 4 },
        "end": { "line": 154, "column": 74 }
      },
      "60": {
        "start": { "line": 155, "column": 4 },
        "end": { "line": 157, "column": 6 }
      },
      "61": {
        "start": { "line": 158, "column": 4 },
        "end": { "line": 160, "column": 6 }
      },
      "62": {
        "start": { "line": 161, "column": 4 },
        "end": { "line": 161, "column": 75 }
      },
      "63": {
        "start": { "line": 162, "column": 4 },
        "end": { "line": 164, "column": 6 }
      },
      "64": {
        "start": { "line": 165, "column": 4 },
        "end": { "line": 167, "column": 6 }
      },
      "65": {
        "start": { "line": 168, "column": 4 },
        "end": { "line": 168, "column": 69 }
      },
      "66": {
        "start": { "line": 169, "column": 4 },
        "end": { "line": 171, "column": 6 }
      },
      "67": {
        "start": { "line": 172, "column": 4 },
        "end": { "line": 174, "column": 6 }
      },
      "68": {
        "start": { "line": 175, "column": 4 },
        "end": { "line": 175, "column": 70 }
      },
      "69": {
        "start": { "line": 176, "column": 4 },
        "end": { "line": 178, "column": 6 }
      },
      "70": {
        "start": { "line": 179, "column": 4 },
        "end": { "line": 181, "column": 6 }
      },
      "71": {
        "start": { "line": 182, "column": 4 },
        "end": { "line": 184, "column": 6 }
      },
      "72": {
        "start": { "line": 185, "column": 4 },
        "end": { "line": 185, "column": 73 }
      },
      "73": {
        "start": { "line": 186, "column": 4 },
        "end": { "line": 188, "column": 6 }
      },
      "74": {
        "start": { "line": 189, "column": 4 },
        "end": { "line": 191, "column": 6 }
      },
      "75": {
        "start": { "line": 192, "column": 4 },
        "end": { "line": 194, "column": 6 }
      },
      "76": {
        "start": { "line": 195, "column": 4 },
        "end": { "line": 197, "column": 6 }
      },
      "77": {
        "start": { "line": 198, "column": 4 },
        "end": { "line": 200, "column": 6 }
      },
      "78": {
        "start": { "line": 201, "column": 4 },
        "end": { "line": 203, "column": 6 }
      },
      "79": {
        "start": { "line": 204, "column": 4 },
        "end": { "line": 206, "column": 6 }
      },
      "80": {
        "start": { "line": 207, "column": 4 },
        "end": { "line": 207, "column": 75 }
      },
      "81": {
        "start": { "line": 208, "column": 4 },
        "end": { "line": 210, "column": 6 }
      },
      "82": {
        "start": { "line": 211, "column": 4 },
        "end": { "line": 213, "column": 6 }
      },
      "83": {
        "start": { "line": 214, "column": 4 },
        "end": { "line": 214, "column": 76 }
      },
      "84": {
        "start": { "line": 215, "column": 4 },
        "end": { "line": 217, "column": 6 }
      },
      "85": {
        "start": { "line": 3, "column": 0 },
        "end": { "line": 3, "column": 13 }
      }
    },
    "fnMap": {
      "0": {
        "name": "(anonymous_0)",
        "decl": {
          "start": { "line": 3, "column": 0 },
          "end": { "line": 3, "column": 13 }
        },
        "loc": {
          "start": { "line": 3, "column": 0 },
          "end": { "line": 219, "column": 1 }
        }
      },
      "1": {
        "name": "(anonymous_1)",
        "decl": {
          "start": { "line": 6, "column": 9 },
          "end": { "line": 6, "column": 14 }
        },
        "loc": {
          "start": { "line": 6, "column": 42 },
          "end": { "line": 111, "column": 3 }
        }
      },
      "2": {
        "name": "(anonymous_2)",
        "decl": {
          "start": { "line": 113, "column": 9 },
          "end": { "line": 113, "column": 14 }
        },
        "loc": {
          "start": { "line": 113, "column": 44 },
          "end": { "line": 218, "column": 3 }
        }
      }
    },
    "branchMap": {},
    "s": {
      "0": 10,
      "1": 0,
      "2": 0,
      "3": 0,
      "4": 0,
      "5": 0,
      "6": 0,
      "7": 0,
      "8": 0,
      "9": 0,
      "10": 0,
      "11": 0,
      "12": 0,
      "13": 0,
      "14": 0,
      "15": 0,
      "16": 0,
      "17": 0,
      "18": 0,
      "19": 0,
      "20": 0,
      "21": 0,
      "22": 0,
      "23": 0,
      "24": 0,
      "25": 0,
      "26": 0,
      "27": 0,
      "28": 0,
      "29": 0,
      "30": 0,
      "31": 0,
      "32": 0,
      "33": 0,
      "34": 0,
      "35": 0,
      "36": 0,
      "37": 0,
      "38": 0,
      "39": 0,
      "40": 0,
      "41": 0,
      "42": 0,
      "43": 0,
      "44": 0,
      "45": 0,
      "46": 0,
      "47": 0,
      "48": 0,
      "49": 0,
      "50": 0,
      "51": 0,
      "52": 0,
      "53": 0,
      "54": 0,
      "55": 0,
      "56": 0,
      "57": 0,
      "58": 0,
      "59": 0,
      "60": 0,
      "61": 0,
      "62": 0,
      "63": 0,
      "64": 0,
      "65": 0,
      "66": 0,
      "67": 0,
      "68": 0,
      "69": 0,
      "70": 0,
      "71": 0,
      "72": 0,
      "73": 0,
      "74": 0,
      "75": 0,
      "76": 0,
      "77": 0,
      "78": 0,
      "79": 0,
      "80": 0,
      "81": 0,
      "82": 0,
      "83": 0,
      "84": 0,
      "85": 10
    },
    "f": { "0": 10, "1": 0, "2": 0 },
    "b": {}
  },
  "/home/juanma/Desktop/etymos-app/etymos-backend/src/migrations/1610754966049-ChangeTargetAndReplacementLength.ts": {
    "path": "/home/juanma/Desktop/etymos-app/etymos-backend/src/migrations/1610754966049-ChangeTargetAndReplacementLength.ts",
    "statementMap": {
      "0": {
        "start": { "line": 6, "column": 2 },
        "end": { "line": 6, "column": 57 }
      },
      "1": {
        "start": { "line": 9, "column": 4 },
        "end": { "line": 11, "column": 6 }
      },
      "2": {
        "start": { "line": 12, "column": 4 },
        "end": { "line": 14, "column": 6 }
      },
      "3": {
        "start": { "line": 15, "column": 4 },
        "end": { "line": 17, "column": 6 }
      },
      "4": {
        "start": { "line": 18, "column": 4 },
        "end": { "line": 20, "column": 6 }
      },
      "5": {
        "start": { "line": 21, "column": 4 },
        "end": { "line": 23, "column": 6 }
      },
      "6": {
        "start": { "line": 24, "column": 4 },
        "end": { "line": 26, "column": 6 }
      },
      "7": {
        "start": { "line": 30, "column": 4 },
        "end": { "line": 32, "column": 6 }
      },
      "8": {
        "start": { "line": 33, "column": 4 },
        "end": { "line": 35, "column": 6 }
      },
      "9": {
        "start": { "line": 36, "column": 4 },
        "end": { "line": 38, "column": 6 }
      },
      "10": {
        "start": { "line": 39, "column": 4 },
        "end": { "line": 41, "column": 6 }
      },
      "11": {
        "start": { "line": 42, "column": 4 },
        "end": { "line": 44, "column": 6 }
      },
      "12": {
        "start": { "line": 45, "column": 4 },
        "end": { "line": 47, "column": 6 }
      },
      "13": {
        "start": { "line": 3, "column": 0 },
        "end": { "line": 3, "column": 13 }
      }
    },
    "fnMap": {
      "0": {
        "name": "(anonymous_0)",
        "decl": {
          "start": { "line": 3, "column": 0 },
          "end": { "line": 3, "column": 13 }
        },
        "loc": {
          "start": { "line": 3, "column": 0 },
          "end": { "line": 49, "column": 1 }
        }
      },
      "1": {
        "name": "(anonymous_1)",
        "decl": {
          "start": { "line": 8, "column": 9 },
          "end": { "line": 8, "column": 14 }
        },
        "loc": {
          "start": { "line": 8, "column": 42 },
          "end": { "line": 27, "column": 3 }
        }
      },
      "2": {
        "name": "(anonymous_2)",
        "decl": {
          "start": { "line": 29, "column": 9 },
          "end": { "line": 29, "column": 14 }
        },
        "loc": {
          "start": { "line": 29, "column": 44 },
          "end": { "line": 48, "column": 3 }
        }
      }
    },
    "branchMap": {},
    "s": {
      "0": 10,
      "1": 0,
      "2": 0,
      "3": 0,
      "4": 0,
      "5": 0,
      "6": 0,
      "7": 0,
      "8": 0,
      "9": 0,
      "10": 0,
      "11": 0,
      "12": 0,
      "13": 10
    },
    "f": { "0": 10, "1": 0, "2": 0 },
    "b": {}
  },
  "/home/juanma/Desktop/etymos-app/etymos-backend/src/migrations/1610758087015-AddJoinTableForOptionTable.ts": {
    "path": "/home/juanma/Desktop/etymos-app/etymos-backend/src/migrations/1610758087015-AddJoinTableForOptionTable.ts",
    "statementMap": {
      "0": {
        "start": { "line": 6, "column": 2 },
        "end": { "line": 6, "column": 51 }
      },
      "1": {
        "start": { "line": 9, "column": 4 },
        "end": { "line": 11, "column": 6 }
      },
      "2": {
        "start": { "line": 12, "column": 4 },
        "end": { "line": 14, "column": 6 }
      },
      "3": {
        "start": { "line": 15, "column": 4 },
        "end": { "line": 17, "column": 6 }
      },
      "4": {
        "start": { "line": 18, "column": 4 },
        "end": { "line": 20, "column": 6 }
      },
      "5": {
        "start": { "line": 21, "column": 4 },
        "end": { "line": 23, "column": 6 }
      },
      "6": {
        "start": { "line": 24, "column": 4 },
        "end": { "line": 26, "column": 6 }
      },
      "7": {
        "start": { "line": 27, "column": 4 },
        "end": { "line": 29, "column": 6 }
      },
      "8": {
        "start": { "line": 30, "column": 4 },
        "end": { "line": 32, "column": 6 }
      },
      "9": {
        "start": { "line": 33, "column": 4 },
        "end": { "line": 35, "column": 6 }
      },
      "10": {
        "start": { "line": 36, "column": 4 },
        "end": { "line": 38, "column": 6 }
      },
      "11": {
        "start": { "line": 39, "column": 4 },
        "end": { "line": 41, "column": 6 }
      },
      "12": {
        "start": { "line": 45, "column": 4 },
        "end": { "line": 47, "column": 6 }
      },
      "13": {
        "start": { "line": 48, "column": 4 },
        "end": { "line": 50, "column": 6 }
      },
      "14": {
        "start": { "line": 51, "column": 4 },
        "end": { "line": 53, "column": 6 }
      },
      "15": {
        "start": { "line": 54, "column": 4 },
        "end": { "line": 56, "column": 6 }
      },
      "16": {
        "start": { "line": 57, "column": 4 },
        "end": { "line": 59, "column": 6 }
      },
      "17": {
        "start": { "line": 60, "column": 4 },
        "end": { "line": 62, "column": 6 }
      },
      "18": {
        "start": { "line": 63, "column": 4 },
        "end": { "line": 65, "column": 6 }
      },
      "19": {
        "start": { "line": 66, "column": 4 },
        "end": { "line": 68, "column": 6 }
      },
      "20": {
        "start": { "line": 69, "column": 4 },
        "end": { "line": 69, "column": 75 }
      },
      "21": {
        "start": { "line": 70, "column": 4 },
        "end": { "line": 70, "column": 75 }
      },
      "22": {
        "start": { "line": 71, "column": 4 },
        "end": { "line": 71, "column": 62 }
      },
      "23": {
        "start": { "line": 3, "column": 0 },
        "end": { "line": 3, "column": 13 }
      }
    },
    "fnMap": {
      "0": {
        "name": "(anonymous_0)",
        "decl": {
          "start": { "line": 3, "column": 0 },
          "end": { "line": 3, "column": 13 }
        },
        "loc": {
          "start": { "line": 3, "column": 0 },
          "end": { "line": 73, "column": 1 }
        }
      },
      "1": {
        "name": "(anonymous_1)",
        "decl": {
          "start": { "line": 8, "column": 9 },
          "end": { "line": 8, "column": 14 }
        },
        "loc": {
          "start": { "line": 8, "column": 42 },
          "end": { "line": 42, "column": 3 }
        }
      },
      "2": {
        "name": "(anonymous_2)",
        "decl": {
          "start": { "line": 44, "column": 9 },
          "end": { "line": 44, "column": 14 }
        },
        "loc": {
          "start": { "line": 44, "column": 44 },
          "end": { "line": 72, "column": 3 }
        }
      }
    },
    "branchMap": {},
    "s": {
      "0": 10,
      "1": 0,
      "2": 0,
      "3": 0,
      "4": 0,
      "5": 0,
      "6": 0,
      "7": 0,
      "8": 0,
      "9": 0,
      "10": 0,
      "11": 0,
      "12": 0,
      "13": 0,
      "14": 0,
      "15": 0,
      "16": 0,
      "17": 0,
      "18": 0,
      "19": 0,
      "20": 0,
      "21": 0,
      "22": 0,
      "23": 10
    },
    "f": { "0": 10, "1": 0, "2": 0 },
    "b": {}
  },
  "/home/juanma/Desktop/etymos-app/etymos-backend/src/migrations/1616561263077-RemoveWrongOptionRule.ts": {
    "path": "/home/juanma/Desktop/etymos-app/etymos-backend/src/migrations/1616561263077-RemoveWrongOptionRule.ts",
    "statementMap": {
      "0": {
        "start": { "line": 4, "column": 2 },
        "end": { "line": 4, "column": 46 }
      },
      "1": {
        "start": { "line": 7, "column": 4 },
        "end": { "line": 9, "column": 6 }
      },
      "2": {
        "start": { "line": 10, "column": 4 },
        "end": { "line": 12, "column": 6 }
      },
      "3": {
        "start": { "line": 13, "column": 4 },
        "end": { "line": 13, "column": 62 }
      },
      "4": {
        "start": { "line": 17, "column": 4 },
        "end": { "line": 19, "column": 6 }
      },
      "5": {
        "start": { "line": 20, "column": 4 },
        "end": { "line": 22, "column": 6 }
      },
      "6": {
        "start": { "line": 23, "column": 4 },
        "end": { "line": 23, "column": 64 }
      },
      "7": {
        "start": { "line": 3, "column": 0 },
        "end": { "line": 3, "column": 13 }
      }
    },
    "fnMap": {
      "0": {
        "name": "(anonymous_0)",
        "decl": {
          "start": { "line": 3, "column": 0 },
          "end": { "line": 3, "column": 13 }
        },
        "loc": {
          "start": { "line": 3, "column": 0 },
          "end": { "line": 25, "column": 1 }
        }
      },
      "1": {
        "name": "(anonymous_1)",
        "decl": {
          "start": { "line": 6, "column": 9 },
          "end": { "line": 6, "column": 14 }
        },
        "loc": {
          "start": { "line": 6, "column": 42 },
          "end": { "line": 14, "column": 3 }
        }
      },
      "2": {
        "name": "(anonymous_2)",
        "decl": {
          "start": { "line": 16, "column": 9 },
          "end": { "line": 16, "column": 14 }
        },
        "loc": {
          "start": { "line": 16, "column": 44 },
          "end": { "line": 24, "column": 3 }
        }
      }
    },
    "branchMap": {},
    "s": { "0": 10, "1": 0, "2": 0, "3": 0, "4": 0, "5": 0, "6": 0, "7": 10 },
    "f": { "0": 10, "1": 0, "2": 0 },
    "b": {}
  },
  "/home/juanma/Desktop/etymos-app/etymos-backend/src/migrations/1616566526215-RefactorMER.ts": {
    "path": "/home/juanma/Desktop/etymos-app/etymos-backend/src/migrations/1616566526215-RefactorMER.ts",
    "statementMap": {
      "0": {
        "start": { "line": 4, "column": 2 },
        "end": { "line": 4, "column": 36 }
      },
      "1": {
        "start": { "line": 7, "column": 4 },
        "end": { "line": 9, "column": 6 }
      },
      "2": {
        "start": { "line": 10, "column": 4 },
        "end": { "line": 12, "column": 6 }
      },
      "3": {
        "start": { "line": 13, "column": 4 },
        "end": { "line": 15, "column": 6 }
      },
      "4": {
        "start": { "line": 16, "column": 4 },
        "end": { "line": 18, "column": 6 }
      },
      "5": {
        "start": { "line": 19, "column": 4 },
        "end": { "line": 21, "column": 6 }
      },
      "6": {
        "start": { "line": 22, "column": 4 },
        "end": { "line": 24, "column": 6 }
      },
      "7": {
        "start": { "line": 25, "column": 4 },
        "end": { "line": 25, "column": 77 }
      },
      "8": {
        "start": { "line": 26, "column": 4 },
        "end": { "line": 26, "column": 74 }
      },
      "9": {
        "start": { "line": 27, "column": 4 },
        "end": { "line": 27, "column": 78 }
      },
      "10": {
        "start": { "line": 28, "column": 4 },
        "end": { "line": 30, "column": 6 }
      },
      "11": {
        "start": { "line": 31, "column": 4 },
        "end": { "line": 31, "column": 75 }
      },
      "12": {
        "start": { "line": 32, "column": 4 },
        "end": { "line": 34, "column": 6 }
      },
      "13": {
        "start": { "line": 35, "column": 4 },
        "end": { "line": 35, "column": 80 }
      },
      "14": {
        "start": { "line": 36, "column": 4 },
        "end": { "line": 38, "column": 6 }
      },
      "15": {
        "start": { "line": 39, "column": 4 },
        "end": { "line": 41, "column": 6 }
      },
      "16": {
        "start": { "line": 42, "column": 4 },
        "end": { "line": 42, "column": 77 }
      },
      "17": {
        "start": { "line": 43, "column": 4 },
        "end": { "line": 45, "column": 6 }
      },
      "18": {
        "start": { "line": 46, "column": 4 },
        "end": { "line": 48, "column": 6 }
      },
      "19": {
        "start": { "line": 49, "column": 4 },
        "end": { "line": 51, "column": 6 }
      },
      "20": {
        "start": { "line": 52, "column": 4 },
        "end": { "line": 54, "column": 6 }
      },
      "21": {
        "start": { "line": 55, "column": 4 },
        "end": { "line": 57, "column": 6 }
      },
      "22": {
        "start": { "line": 58, "column": 4 },
        "end": { "line": 60, "column": 6 }
      },
      "23": {
        "start": { "line": 64, "column": 4 },
        "end": { "line": 66, "column": 6 }
      },
      "24": {
        "start": { "line": 67, "column": 4 },
        "end": { "line": 69, "column": 6 }
      },
      "25": {
        "start": { "line": 70, "column": 4 },
        "end": { "line": 72, "column": 6 }
      },
      "26": {
        "start": { "line": 73, "column": 4 },
        "end": { "line": 75, "column": 6 }
      },
      "27": {
        "start": { "line": 76, "column": 4 },
        "end": { "line": 78, "column": 6 }
      },
      "28": {
        "start": { "line": 79, "column": 4 },
        "end": { "line": 81, "column": 6 }
      },
      "29": {
        "start": { "line": 82, "column": 4 },
        "end": { "line": 82, "column": 77 }
      },
      "30": {
        "start": { "line": 83, "column": 4 },
        "end": { "line": 83, "column": 79 }
      },
      "31": {
        "start": { "line": 84, "column": 4 },
        "end": { "line": 84, "column": 80 }
      },
      "32": {
        "start": { "line": 85, "column": 4 },
        "end": { "line": 85, "column": 80 }
      },
      "33": {
        "start": { "line": 86, "column": 4 },
        "end": { "line": 88, "column": 6 }
      },
      "34": {
        "start": { "line": 89, "column": 4 },
        "end": { "line": 89, "column": 75 }
      },
      "35": {
        "start": { "line": 90, "column": 4 },
        "end": { "line": 90, "column": 72 }
      },
      "36": {
        "start": { "line": 91, "column": 4 },
        "end": { "line": 93, "column": 6 }
      },
      "37": {
        "start": { "line": 94, "column": 4 },
        "end": { "line": 96, "column": 6 }
      },
      "38": {
        "start": { "line": 97, "column": 4 },
        "end": { "line": 97, "column": 77 }
      },
      "39": {
        "start": { "line": 98, "column": 4 },
        "end": { "line": 98, "column": 75 }
      },
      "40": {
        "start": { "line": 99, "column": 4 },
        "end": { "line": 99, "column": 75 }
      },
      "41": {
        "start": { "line": 100, "column": 4 },
        "end": { "line": 100, "column": 70 }
      },
      "42": {
        "start": { "line": 101, "column": 4 },
        "end": { "line": 101, "column": 59 }
      },
      "43": {
        "start": { "line": 102, "column": 4 },
        "end": { "line": 102, "column": 53 }
      },
      "44": {
        "start": { "line": 103, "column": 4 },
        "end": { "line": 105, "column": 6 }
      },
      "45": {
        "start": { "line": 3, "column": 0 },
        "end": { "line": 3, "column": 13 }
      }
    },
    "fnMap": {
      "0": {
        "name": "(anonymous_0)",
        "decl": {
          "start": { "line": 3, "column": 0 },
          "end": { "line": 3, "column": 13 }
        },
        "loc": {
          "start": { "line": 3, "column": 0 },
          "end": { "line": 107, "column": 1 }
        }
      },
      "1": {
        "name": "(anonymous_1)",
        "decl": {
          "start": { "line": 6, "column": 9 },
          "end": { "line": 6, "column": 14 }
        },
        "loc": {
          "start": { "line": 6, "column": 42 },
          "end": { "line": 61, "column": 3 }
        }
      },
      "2": {
        "name": "(anonymous_2)",
        "decl": {
          "start": { "line": 63, "column": 9 },
          "end": { "line": 63, "column": 14 }
        },
        "loc": {
          "start": { "line": 63, "column": 44 },
          "end": { "line": 106, "column": 3 }
        }
      }
    },
    "branchMap": {},
    "s": {
      "0": 10,
      "1": 0,
      "2": 0,
      "3": 0,
      "4": 0,
      "5": 0,
      "6": 0,
      "7": 0,
      "8": 0,
      "9": 0,
      "10": 0,
      "11": 0,
      "12": 0,
      "13": 0,
      "14": 0,
      "15": 0,
      "16": 0,
      "17": 0,
      "18": 0,
      "19": 0,
      "20": 0,
      "21": 0,
      "22": 0,
      "23": 0,
      "24": 0,
      "25": 0,
      "26": 0,
      "27": 0,
      "28": 0,
      "29": 0,
      "30": 0,
      "31": 0,
      "32": 0,
      "33": 0,
      "34": 0,
      "35": 0,
      "36": 0,
      "37": 0,
      "38": 0,
      "39": 0,
      "40": 0,
      "41": 0,
[...]
          }
        ]
      },
      "12": {
        "loc": {
          "start": { "line": 37, "column": 27 },
          "end": { "line": 37, "column": null }
        },
        "type": "binary-expr",
        "locations": [
          {
            "start": { "line": 37, "column": 27 },
            "end": { "line": 37, "column": null }
          },
          {
            "start": { "line": 37, "column": 27 },
            "end": { "line": 37, "column": 45 }
          }
        ]
      },
      "13": {
        "loc": {
          "start": { "line": 38, "column": 12 },
          "end": { "line": 38, "column": null }
        },
        "type": "cond-expr",
        "locations": [
          {
            "start": { "line": 38, "column": 12 },
            "end": { "line": 38, "column": null }
          },
          {
            "start": { "line": 38, "column": 12 },
            "end": { "line": 38, "column": null }
          }
        ]
      },
      "14": {
        "loc": {
          "start": { "line": 38, "column": 5 },
          "end": { "line": 38, "column": null }
        },
        "type": "binary-expr",
        "locations": [
          {
            "start": { "line": 38, "column": 5 },
            "end": { "line": 38, "column": null }
          },
          {
            "start": { "line": 38, "column": 5 },
            "end": { "line": 38, "column": 12 }
          }
        ]
      },
      "15": {
        "loc": {
          "start": { "line": 50, "column": 57 },
          "end": { "line": 50, "column": null }
        },
        "type": "cond-expr",
        "locations": [
          {
            "start": { "line": 50, "column": 57 },
            "end": { "line": 50, "column": null }
          },
          {
            "start": { "line": 50, "column": 57 },
            "end": { "line": 50, "column": null }
          }
        ]
      },
      "16": {
        "loc": {
          "start": { "line": 50, "column": 50 },
          "end": { "line": 50, "column": null }
        },
        "type": "binary-expr",
        "locations": [
          {
            "start": { "line": 50, "column": 50 },
            "end": { "line": 50, "column": null }
          },
          {
            "start": { "line": 50, "column": 50 },
            "end": { "line": 50, "column": 57 }
          }
        ]
      }
    },
    "s": {
      "0": 1,
      "1": 1,
      "2": 1,
      "3": 1,
      "4": 1,
      "5": 1,
      "6": 1,
      "7": 7,
      "8": 8,
      "9": 8,
      "10": 1,
      "11": 7,
      "12": 3,
      "13": 3,
      "14": 1,
      "15": 1,
      "16": 1,
      "17": 0,
      "18": 1,
      "19": 1,
      "20": 1,
      "21": 2,
      "22": 2,
      "23": 1,
      "24": 1,
      "25": 1,
      "26": 1,
      "27": 0,
      "28": 1,
      "29": 0,
      "30": 1,
      "31": 0,
      "32": 1,
      "33": 0,
      "34": 1,
      "35": 0,
      "36": 1,
      "37": 1
    },
    "f": {
      "0": 7,
      "1": 8,
      "2": 3,
      "3": 1,
      "4": 2,
      "5": 0,
      "6": 0,
      "7": 0,
      "8": 0,
      "9": 0
    },
    "b": {
      "0": [1, 7],
      "1": [0, 1],
      "2": [1, 1],
      "3": [1, 0],
      "4": [1, 1],
      "5": [1, 0],
      "6": [1, 1],
      "7": [1, 0],
      "8": [1, 1],
      "9": [1, 0],
      "10": [1, 1],
      "11": [1, 0],
      "12": [1, 1],
      "13": [1, 0],
      "14": [1, 1],
      "15": [1, 0],
      "16": [1, 1]
    }
  },
  "/home/juanma/Desktop/etymos-app/etymos-backend/src/resolvers/word/index.ts": {
    "path": "/home/juanma/Desktop/etymos-app/etymos-backend/src/resolvers/word/index.ts",
    "statementMap": {
      "0": {
        "start": { "line": 1, "column": 0 },
        "end": { "line": 1, "column": 44 }
      },
      "1": {
        "start": { "line": 2, "column": 0 },
        "end": { "line": 2, "column": 62 }
      },
      "2": {
        "start": { "line": 3, "column": 0 },
        "end": { "line": 3, "column": 40 }
      },
      "3": {
        "start": { "line": 4, "column": 0 },
        "end": { "line": 4, "column": 63 }
      },
      "4": {
        "start": { "line": 5, "column": 0 },
        "end": { "line": 5, "column": 63 }
      },
      "5": {
        "start": { "line": 6, "column": 0 },
        "end": { "line": 6, "column": 41 }
      },
      "6": {
        "start": { "line": 7, "column": 0 },
        "end": { "line": 7, "column": 77 }
      },
      "7": {
        "start": { "line": 10, "column": 0 },
        "end": { "line": 65, "column": null }
      },
      "8": {
        "start": { "line": 13, "column": 4 },
        "end": { "line": 13, "column": 47 }
      },
      "9": {
        "start": { "line": 18, "column": 17 },
        "end": { "line": 24, "column": 15 }
      },
      "10": {
        "start": { "line": 26, "column": 4 },
        "end": { "line": 30, "column": null }
      },
      "11": {
        "start": { "line": 27, "column": 6 },
        "end": { "line": 27, "column": 44 }
      },
      "12": {
        "start": { "line": 29, "column": 6 },
        "end": { "line": 29, "column": 18 }
      },
      "13": {
        "start": { "line": 35, "column": 17 },
        "end": { "line": 35, "column": 34 }
      },
      "14": {
        "start": { "line": 36, "column": 4 },
        "end": { "line": 36, "column": 22 }
      },
      "15": {
        "start": { "line": 37, "column": 4 },
        "end": { "line": 37, "column": 16 }
      },
      "16": {
        "start": { "line": 45, "column": 17 },
        "end": { "line": 45, "column": 54 }
      },
      "17": {
        "start": { "line": 46, "column": 4 },
        "end": { "line": 52, "column": null }
      },
      "18": {
        "start": { "line": 47, "column": 6 },
        "end": { "line": 47, "column": 44 }
      },
      "19": {
        "start": { "line": 49, "column": 6 },
        "end": { "line": 49, "column": 32 }
      },
      "20": {
        "start": { "line": 50, "column": 6 },
        "end": { "line": 50, "column": 24 }
      },
      "21": {
        "start": { "line": 51, "column": 6 },
        "end": { "line": 51, "column": 18 }
      },
      "22": {
        "start": { "line": 57, "column": 17 },
        "end": { "line": 57, "column": 54 }
      },
      "23": {
        "start": { "line": 58, "column": 4 },
        "end": { "line": 63, "column": null }
      },
      "24": {
        "start": { "line": 59, "column": 6 },
        "end": { "line": 59, "column": 44 }
      },
      "25": {
        "start": { "line": 61, "column": 6 },
        "end": { "line": 61, "column": 26 }
      },
      "26": {
        "start": { "line": 62, "column": 6 },
        "end": { "line": 62, "column": 18 }
      },
      "27": {
        "start": { "line": 12, "column": 2 },
        "end": { "line": 14, "column": null }
      },
      "28": {
        "start": { "line": 11, "column": 15 },
        "end": { "line": 11, "column": 21 }
      },
      "29": {
        "start": { "line": 17, "column": 2 },
        "end": { "line": 31, "column": null }
      },
      "30": {
        "start": { "line": 16, "column": 15 },
        "end": { "line": 16, "column": 19 }
      },
      "31": {
        "start": { "line": 34, "column": 2 },
        "end": { "line": 38, "column": null }
      },
      "32": {
        "start": { "line": 33, "column": 18 },
        "end": { "line": 33, "column": 22 }
      },
      "33": {
        "start": { "line": 41, "column": 2 },
        "end": { "line": 53, "column": null }
      },
      "34": {
        "start": { "line": 40, "column": 18 },
        "end": { "line": 40, "column": 22 }
      },
      "35": {
        "start": { "line": 56, "column": 2 },
        "end": { "line": 64, "column": null }
      },
      "36": {
        "start": { "line": 55, "column": 18 },
        "end": { "line": 55, "column": 25 }
      },
      "37": {
        "start": { "line": 10, "column": 13 },
        "end": { "line": 65, "column": null }
      },
      "38": {
        "start": { "line": 10, "column": 13 },
        "end": { "line": 10, "column": 25 }
      }
    },
    "fnMap": {
      "0": {
        "name": "(anonymous_4)",
        "decl": {
          "start": { "line": 12, "column": 2 },
          "end": { "line": 12, "column": 7 }
        },
        "loc": {
          "start": { "line": 12, "column": 16 },
          "end": { "line": 14, "column": 3 }
        }
      },
      "1": {
        "name": "(anonymous_5)",
        "decl": {
          "start": { "line": 17, "column": 2 },
          "end": { "line": 17, "column": 7 }
        },
        "loc": {
          "start": { "line": 17, "column": 41 },
          "end": { "line": 31, "column": 3 }
        }
      },
      "2": {
        "name": "(anonymous_6)",
        "decl": {
          "start": { "line": 34, "column": 2 },
          "end": { "line": 34, "column": 7 }
        },
        "loc": {
          "start": { "line": 34, "column": 57 },
          "end": { "line": 38, "column": 3 }
        }
      },
      "3": {
        "name": "(anonymous_7)",
        "decl": {
          "start": { "line": 41, "column": 2 },
          "end": { "line": 41, "column": 7 }
        },
        "loc": {
          "start": { "line": 43, "column": 42 },
          "end": { "line": 53, "column": 3 }
        }
      },
      "4": {
        "name": "(anonymous_8)",
        "decl": {
          "start": { "line": 56, "column": 2 },
          "end": { "line": 56, "column": 7 }
        },
        "loc": {
          "start": { "line": 56, "column": 44 },
          "end": { "line": 64, "column": 3 }
        }
      },
      "5": {
        "name": "(anonymous_9)",
        "decl": {
          "start": { "line": 11, "column": 9 },
          "end": { "line": 11, "column": 12 }
        },
        "loc": {
          "start": { "line": 11, "column": 15 },
          "end": { "line": 11, "column": 21 }
        }
      },
      "6": {
        "name": "(anonymous_10)",
        "decl": {
          "start": { "line": 16, "column": 9 },
          "end": { "line": 16, "column": 12 }
        },
        "loc": {
          "start": { "line": 16, "column": 15 },
          "end": { "line": 16, "column": 19 }
        }
      },
      "7": {
        "name": "(anonymous_11)",
        "decl": {
          "start": { "line": 33, "column": 12 },
          "end": { "line": 33, "column": 15 }
        },
        "loc": {
          "start": { "line": 33, "column": 18 },
          "end": { "line": 33, "column": 22 }
        }
      },
      "8": {
        "name": "(anonymous_12)",
        "decl": {
          "start": { "line": 40, "column": 12 },
          "end": { "line": 40, "column": 15 }
        },
        "loc": {
          "start": { "line": 40, "column": 18 },
          "end": { "line": 40, "column": 22 }
        }
      },
      "9": {
        "name": "(anonymous_13)",
        "decl": {
          "start": { "line": 55, "column": 12 },
          "end": { "line": 55, "column": 15 }
        },
        "loc": {
          "start": { "line": 55, "column": 18 },
          "end": { "line": 55, "column": 25 }
        }
      }
    },
    "branchMap": {
      "0": {
        "loc": {
          "start": { "line": 26, "column": 4 },
          "end": { "line": 30, "column": null }
        },
        "type": "if",
        "locations": [
          {
            "start": { "line": 26, "column": 4 },
            "end": { "line": 30, "column": null }
          },
          {
            "start": { "line": 26, "column": 4 },
            "end": { "line": 30, "column": null }
          }
        ]
      },
      "1": {
        "loc": {
          "start": { "line": 46, "column": 4 },
          "end": { "line": 52, "column": null }
        },
        "type": "if",
        "locations": [
          {
            "start": { "line": 46, "column": 4 },
            "end": { "line": 52, "column": null }
          },
          {
            "start": { "line": 46, "column": 4 },
            "end": { "line": 52, "column": null }
          }
        ]
      },
      "2": {
        "loc": {
          "start": { "line": 58, "column": 4 },
          "end": { "line": 63, "column": null }
        },
        "type": "if",
        "locations": [
          {
            "start": { "line": 58, "column": 4 },
            "end": { "line": 63, "column": null }
          },
          {
            "start": { "line": 58, "column": 4 },
            "end": { "line": 63, "column": null }
          }
        ]
      },
      "3": {
        "loc": {
          "start": { "line": 12, "column": 27 },
          "end": { "line": 12, "column": null }
        },
        "type": "cond-expr",
        "locations": [
          {
            "start": { "line": 12, "column": 27 },
            "end": { "line": 12, "column": null }
          },
          {
            "start": { "line": 12, "column": 27 },
            "end": { "line": 12, "column": null }
          }
        ]
      },
      "4": {
        "loc": {
          "start": { "line": 12, "column": 20 },
          "end": { "line": 12, "column": null }
        },
        "type": "binary-expr",
        "locations": [
          {
            "start": { "line": 12, "column": 20 },
            "end": { "line": 12, "column": null }
          },
          {
            "start": { "line": 12, "column": 20 },
            "end": { "line": 12, "column": 27 }
          }
        ]
      },
      "5": {
        "loc": {
          "start": { "line": 17, "column": 51 },
          "end": { "line": 17, "column": null }
        },
        "type": "cond-expr",
        "locations": [
          {
            "start": { "line": 17, "column": 51 },
            "end": { "line": 17, "column": null }
          },
          {
            "start": { "line": 17, "column": 51 },
            "end": { "line": 17, "column": null }
          }
        ]
      },
      "6": {
        "loc": {
          "start": { "line": 17, "column": 44 },
          "end": { "line": 17, "column": null }
        },
        "type": "binary-expr",
        "locations": [
          {
            "start": { "line": 17, "column": 44 },
            "end": { "line": 17, "column": null }
          },
          {
            "start": { "line": 17, "column": 44 },
            "end": { "line": 17, "column": 51 }
          }
        ]
      },
      "7": {
        "loc": {
          "start": { "line": 34, "column": 57 },
          "end": { "line": 34, "column": 60 }
        },
        "type": "cond-expr",
        "locations": [
          {
            "start": { "line": 34, "column": 57 },
            "end": { "line": 34, "column": 60 }
          },
          {
            "start": { "line": 34, "column": 57 },
            "end": { "line": 34, "column": 60 }
          }
        ]
      },
      "8": {
        "loc": {
          "start": { "line": 34, "column": 42 },
          "end": { "line": 34, "column": 60 }
        },
        "type": "binary-expr",
        "locations": [
          {
            "start": { "line": 34, "column": 42 },
            "end": { "line": 34, "column": 60 }
          },
          {
            "start": { "line": 34, "column": 42 },
            "end": { "line": 34, "column": 57 }
          }
        ]
      },
      "9": {
        "loc": {
          "start": { "line": 34, "column": 67 },
          "end": { "line": 34, "column": null }
        },
        "type": "cond-expr",
        "locations": [
          {
            "start": { "line": 34, "column": 67 },
            "end": { "line": 34, "column": null }
          },
          {
            "start": { "line": 34, "column": 67 },
            "end": { "line": 34, "column": null }
          }
        ]
      },
      "10": {
        "loc": {
          "start": { "line": 34, "column": 60 },
          "end": { "line": 34, "column": null }
        },
        "type": "binary-expr",
        "locations": [
          {
            "start": { "line": 34, "column": 60 },
            "end": { "line": 34, "column": null }
          },
          {
            "start": { "line": 34, "column": 60 },
            "end": { "line": 34, "column": 67 }
          }
        ]
      },
      "11": {
        "loc": {
          "start": { "line": 43, "column": 42 },
          "end": { "line": 43, "column": null }
        },
        "type": "cond-expr",
        "locations": [
          {
            "start": { "line": 43, "column": 42 },
            "end": { "line": 43, "column": null }
          },
          {
            "start": { "line": 43, "column": 42 },
            "end": { "line": 43, "column": null }
          }
        ]
      },
      "12": {
        "loc": {
          "start": { "line": 43, "column": 27 },
          "end": { "line": 43, "column": null }
        },
        "type": "binary-expr",
        "locations": [
          {
            "start": { "line": 43, "column": 27 },
            "end": { "line": 43, "column": null }
          },
          {
            "start": { "line": 43, "column": 27 },
            "end": { "line": 43, "column": 42 }
          }
        ]
      },
      "13": {
        "loc": {
          "start": { "line": 44, "column": 12 },
          "end": { "line": 44, "column": null }
        },
        "type": "cond-expr",
        "locations": [
          {
            "start": { "line": 44, "column": 12 },
            "end": { "line": 44, "column": null }
          },
          {
            "start": { "line": 44, "column": 12 },
            "end": { "line": 44, "column": null }
          }
        ]
      },
      "14": {
        "loc": {
          "start": { "line": 44, "column": 5 },
          "end": { "line": 44, "column": null }
        },
        "type": "binary-expr",
        "locations": [
          {
            "start": { "line": 44, "column": 5 },
            "end": { "line": 44, "column": null }
          },
          {
            "start": { "line": 44, "column": 5 },
            "end": { "line": 44, "column": 12 }
          }
        ]
      },
      "15": {
        "loc": {
          "start": { "line": 56, "column": 54 },
          "end": { "line": 56, "column": null }
        },
        "type": "cond-expr",
        "locations": [
          {
            "start": { "line": 56, "column": 54 },
            "end": { "line": 56, "column": null }
          },
          {
            "start": { "line": 56, "column": 54 },
            "end": { "line": 56, "column": null }
          }
        ]
      },
      "16": {
        "loc": {
          "start": { "line": 56, "column": 47 },
          "end": { "line": 56, "column": null }
        },
        "type": "binary-expr",
        "locations": [
          {
            "start": { "line": 56, "column": 47 },
            "end": { "line": 56, "column": null }
          },
          {
            "start": { "line": 56, "column": 47 },
            "end": { "line": 56, "column": 54 }
          }
        ]
      }
    },
    "s": {
      "0": 1,
      "1": 1,
      "2": 1,
      "3": 1,
      "4": 1,
      "5": 1,
      "6": 1,
      "7": 1,
      "8": 7,
      "9": 8,
      "10": 8,
      "11": 1,
      "12": 7,
      "13": 3,
      "14": 3,
      "15": 1,
      "16": 1,
      "17": 1,
      "18": 0,
      "19": 1,
      "20": 1,
      "21": 1,
      "22": 2,
      "23": 2,
      "24": 1,
      "25": 1,
      "26": 1,
      "27": 1,
      "28": 0,
      "29": 1,
      "30": 0,
      "31": 1,
      "32": 0,
      "33": 1,
      "34": 0,
      "35": 1,
      "36": 0,
      "37": 1,
      "38": 1
    },
    "f": {
      "0": 7,
      "1": 8,
      "2": 3,
      "3": 1,
      "4": 2,
      "5": 0,
      "6": 0,
      "7": 0,
      "8": 0,
      "9": 0
    },
    "b": {
      "0": [1, 7],
      "1": [0, 1],
      "2": [1, 1],
      "3": [1, 0],
      "4": [1, 1],
      "5": [1, 0],
      "6": [1, 1],
      "7": [1, 0],
      "8": [1, 1],
      "9": [1, 0],
      "10": [1, 1],
      "11": [1, 0],
      "12": [1, 1],
      "13": [1, 0],
      "14": [1, 1],
      "15": [1, 0],
      "16": [1, 1]
    }
  }
}
