TN:
SF:ormconfig.js
FNF:0
FNH:0
DA:8,10
DA:10,10
LF:2
LH:2
BRF:0
BRH:0
end_of_record
TN:
SF:src/config/messages.ts
FNF:0
FNH:0
DA:13,10
DA:27,10
DA:43,10
LF:3
LH:3
BRF:0
BRH:0
end_of_record
TN:
SF:src/inputs/CreateCategoryInput.ts
FNF:0
FNH:0
DA:1,1
DA:4,1
DA:6,1
DA:9,1
DA:12,1
LF:5
LH:5
BRF:0
BRH:0
end_of_record
TN:
SF:src/inputs/CreateEtymologyInput.ts
FNF:0
FNH:0
DA:1,1
DA:4,1
DA:6,1
DA:9,1
DA:12,1
DA:15,1
DA:18,1
DA:21,1
LF:8
LH:8
BRF:0
BRH:0
end_of_record
TN:
SF:src/inputs/CreateOptionInput.ts
FNF:0
FNH:0
DA:1,1
DA:4,1
DA:6,1
DA:9,1
DA:12,1
LF:5
LH:5
BRF:0
BRH:0
end_of_record
TN:
SF:src/inputs/CreatePatternInput.ts
FNF:0
FNH:0
DA:1,1
DA:4,1
DA:6,1
DA:9,1
LF:4
LH:4
BRF:0
BRH:0
end_of_record
TN:
SF:src/inputs/CreateQuestionInput.ts
FNF:0
FNH:0
DA:1,1
DA:4,1
DA:6,1
DA:9,1
DA:12,1
LF:5
LH:5
BRF:0
BRH:0
end_of_record
TN:
SF:src/inputs/CreateReferenceInput.ts
FNF:0
FNH:0
DA:1,1
DA:4,1
DA:6,1
DA:9,1
DA:12,1
DA:15,1
DA:18,1
DA:21,1
LF:8
LH:8
BRF:0
BRH:0
end_of_record
TN:
SF:src/inputs/CreateTestInput.ts
FNF:0
FNH:0
DA:1,1
DA:4,1
DA:6,1
DA:9,1
DA:12,1
LF:5
LH:5
BRF:0
BRH:0
end_of_record
TN:
SF:src/inputs/CreateUserInput.ts
FNF:0
FNH:0
DA:1,1
DA:4,1
DA:6,1
DA:9,1
DA:12,1
LF:5
LH:5
BRF:0
BRH:0
end_of_record
TN:
SF:src/inputs/CreateVersionInput.ts
FNF:0
FNH:0
DA:1,1
DA:4,1
DA:6,1
DA:9,1
DA:12,1
DA:15,1
LF:6
LH:6
BRF:0
BRH:0
end_of_record
TN:
SF:src/inputs/CreateWordInput.ts
FNF:0
FNH:0
DA:1,1
DA:4,1
DA:6,1
DA:9,1
DA:12,1
DA:15,1
DA:18,1
LF:7
LH:7
BRF:0
BRH:0
end_of_record
TN:
SF:src/inputs/UpdateCategoryInput.ts
FNF:0
FNH:0
DA:1,1
DA:4,1
DA:6,1
DA:9,1
DA:12,1
LF:5
LH:5
BRF:0
BRH:0
end_of_record
TN:
SF:src/inputs/UpdateEtymologyInput.ts
FNF:0
FNH:0
DA:1,1
DA:4,1
DA:6,1
DA:9,1
DA:12,1
DA:15,1
DA:18,1
DA:21,1
LF:8
LH:8
BRF:0
BRH:0
end_of_record
TN:
SF:src/inputs/UpdateOptionInput.ts
FNF:0
FNH:0
DA:1,1
DA:4,1
DA:6,1
DA:9,1
DA:12,1
LF:5
LH:5
BRF:0
BRH:0
end_of_record
TN:
SF:src/inputs/UpdatePatternInput.ts
FNF:0
FNH:0
DA:1,1
DA:4,1
DA:6,1
DA:9,1
LF:4
LH:4
BRF:0
BRH:0
end_of_record
TN:
SF:src/inputs/UpdateQuestionInput.ts
FNF:0
FNH:0
DA:1,1
DA:4,1
DA:6,1
DA:9,1
DA:12,1
LF:5
LH:5
BRF:0
BRH:0
end_of_record
TN:
SF:src/inputs/UpdateReferenceInput.ts
FNF:0
FNH:0
DA:1,1
DA:4,1
DA:6,1
DA:9,1
DA:12,1
DA:15,1
DA:18,1
DA:21,1
LF:8
LH:8
BRF:0
BRH:0
end_of_record
TN:
SF:src/inputs/UpdateTestInput.ts
FNF:0
FNH:0
DA:1,1
DA:4,1
DA:6,1
DA:9,1
DA:12,1
LF:5
LH:5
BRF:0
BRH:0
end_of_record
TN:
SF:src/inputs/UpdateUserInput.ts
FNF:0
FNH:0
DA:1,1
DA:4,1
DA:6,1
DA:9,1
DA:12,1
LF:5
LH:5
BRF:0
BRH:0
end_of_record
TN:
SF:src/inputs/UpdateVersionInput.ts
FNF:0
FNH:0
DA:1,1
DA:4,1
DA:6,1
DA:9,1
DA:12,1
DA:15,1
LF:6
LH:6
BRF:0
BRH:0
end_of_record
TN:
SF:src/inputs/UpdateWordInput.ts
FNF:0
FNH:0
DA:1,1
DA:4,1
DA:6,1
DA:9,1
DA:12,1
DA:15,1
DA:18,1
LF:7
LH:7
BRF:0
BRH:0
end_of_record
TN:
SF:src/migrations/1609832025065-InitialMigration.ts
FN:3,(anonymous_0)
FN:6,(anonymous_1)
FN:96,(anonymous_2)
FNF:3
FNH:1
FNDA:10,(anonymous_0)
FNDA:0,(anonymous_1)
FNDA:0,(anonymous_2)
DA:3,10
DA:4,10
DA:7,0
DA:10,0
DA:13,0
DA:16,0
DA:19,0
DA:22,0
DA:25,0
DA:28,0
DA:31,0
DA:34,0
DA:37,0
DA:40,0
DA:43,0
DA:46,0
DA:49,0
DA:52,0
DA:55,0
DA:58,0
DA:61,0
DA:64,0
DA:67,0
DA:70,0
DA:73,0
DA:76,0
DA:79,0
DA:82,0
DA:85,0
DA:88,0
DA:91,0
DA:97,0
DA:100,0
DA:103,0
DA:106,0
DA:109,0
DA:112,0
DA:115,0
DA:118,0
DA:121,0
DA:124,0
DA:127,0
DA:128,0
DA:129,0
DA:130,0
DA:131,0
DA:132,0
DA:133,0
DA:134,0
DA:135,0
DA:136,0
DA:137,0
DA:138,0
DA:139,0
DA:140,0
DA:141,0
DA:142,0
DA:143,0
DA:144,0
DA:145,0
LF:60
LH:2
BRF:0
BRH:0
end_of_record
TN:
SF:src/migrations/1609902709018-AddRelations.ts
FN:3,(anonymous_0)
FN:6,(anonymous_1)
FN:17,(anonymous_2)
FNF:3
FNH:1
FNDA:10,(anonymous_0)
FNDA:0,(anonymous_1)
FNDA:0,(anonymous_2)
DA:3,10
DA:4,10
DA:7,0
DA:8,0
DA:11,0
DA:12,0
DA:18,0
DA:21,0
DA:22,0
DA:25,0
LF:10
LH:2
BRF:0
BRH:0
end_of_record
TN:
SF:src/migrations/1609953776534-MERVersion202.ts
FN:3,(anonymous_0)
FN:6,(anonymous_1)
FN:29,(anonymous_2)
FNF:3
FNH:1
FNDA:10,(anonymous_0)
FNDA:0,(anonymous_1)
FNDA:0,(anonymous_2)
DA:3,10
DA:4,10
DA:7,0
DA:10,0
DA:13,0
DA:16,0
DA:19,0
DA:22,0
DA:23,0
DA:24,0
DA:30,0
DA:33,0
DA:34,0
DA:37,0
DA:38,0
DA:39,0
DA:40,0
DA:41,0
LF:18
LH:2
BRF:0
BRH:0
end_of_record
TN:
SF:src/migrations/1609955318546-ChangeTestRelations.ts
FN:3,(anonymous_0)
FN:6,(anonymous_1)
FN:19,(anonymous_2)
FNF:3
FNH:1
FNDA:10,(anonymous_0)
FNDA:0,(anonymous_1)
FNDA:0,(anonymous_2)
DA:3,10
DA:4,10
DA:7,0
DA:8,0
DA:11,0
DA:14,0
DA:20,0
DA:23,0
DA:26,0
DA:29,0
LF:10
LH:2
BRF:0
BRH:0
end_of_record
TN:
SF:src/migrations/1610660228016-ChangeLengthForCategoryName.ts
FN:3,(anonymous_0)
FN:8,(anonymous_1)
FN:21,(anonymous_2)
FNF:3
FNH:1
FNDA:10,(anonymous_0)
FNDA:0,(anonymous_1)
FNDA:0,(anonymous_2)
DA:3,10
DA:6,10
DA:9,0
DA:12,0
DA:13,0
DA:16,0
DA:22,0
DA:25,0
DA:26,0
DA:29,0
LF:10
LH:2
BRF:0
BRH:0
end_of_record
TN:
SF:src/migrations/1610687701232-ChangeImageUrlLength.ts
FN:3,(anonymous_0)
FN:6,(anonymous_1)
FN:17,(anonymous_2)
FNF:3
FNH:1
FNDA:10,(anonymous_0)
FNDA:0,(anonymous_1)
FNDA:0,(anonymous_2)
DA:3,10
DA:4,10
DA:7,0
DA:8,0
DA:11,0
DA:12,0
DA:18,0
DA:19,0
DA:22,0
DA:23,0
LF:10
LH:2
BRF:0
BRH:0
end_of_record
TN:
SF:src/migrations/1610753323945-ChangeLengthForQuestionSentence.ts
FN:3,(anonymous_0)
FN:8,(anonymous_1)
FN:21,(anonymous_2)
FNF:3
FNH:1
FNDA:10,(anonymous_0)
FNDA:0,(anonymous_1)
FNDA:0,(anonymous_2)
DA:3,10
DA:6,10
DA:9,0
DA:12,0
DA:13,0
DA:16,0
DA:22,0
DA:25,0
DA:26,0
DA:29,0
LF:10
LH:2
BRF:0
BRH:0
end_of_record
TN:
SF:src/migrations/1610754374325-ChangeAttributesLength.ts
FN:3,(anonymous_0)
FN:6,(anonymous_1)
FN:113,(anonymous_2)
FNF:3
FNH:1
FNDA:10,(anonymous_0)
FNDA:0,(anonymous_1)
FNDA:0,(anonymous_2)
DA:3,10
DA:4,10
DA:7,0
DA:8,0
DA:11,0
DA:14,0
DA:15,0
DA:18,0
DA:21,0
DA:24,0
DA:27,0
DA:30,0
DA:33,0
DA:36,0
DA:37,0
DA:40,0
DA:43,0
DA:46,0
DA:47,0
DA:50,0
DA:53,0
DA:54,0
DA:57,0
DA:60,0
DA:61,0
DA:64,0
DA:67,0
DA:68,0
DA:71,0
DA:74,0
DA:77,0
DA:80,0
DA:83,0
DA:84,0
DA:87,0
DA:90,0
DA:91,0
DA:94,0
DA:97,0
DA:100,0
DA:101,0
DA:104,0
DA:107,0
DA:108,0
DA:114,0
DA:115,0
DA:118,0
DA:121,0
DA:122,0
DA:125,0
DA:128,0
DA:131,0
DA:132,0
DA:135,0
DA:138,0
DA:139,0
DA:142,0
DA:145,0
DA:148,0
DA:151,0
DA:154,0
DA:155,0
DA:158,0
DA:161,0
DA:162,0
DA:165,0
DA:168,0
DA:169,0
DA:172,0
DA:175,0
DA:176,0
DA:179,0
DA:182,0
DA:185,0
DA:186,0
DA:189,0
DA:192,0
DA:195,0
DA:198,0
DA:201,0
DA:204,0
DA:207,0
DA:208,0
DA:211,0
DA:214,0
DA:215,0
LF:86
LH:2
BRF:0
BRH:0
end_of_record
TN:
SF:src/migrations/1610754966049-ChangeTargetAndReplacementLength.ts
FN:3,(anonymous_0)
FN:8,(anonymous_1)
FN:29,(anonymous_2)
FNF:3
FNH:1
FNDA:10,(anonymous_0)
FNDA:0,(anonymous_1)
FNDA:0,(anonymous_2)
DA:3,10
DA:6,10
DA:9,0
DA:12,0
DA:15,0
DA:18,0
DA:21,0
DA:24,0
DA:30,0
DA:33,0
DA:36,0
DA:39,0
DA:42,0
DA:45,0
LF:14
LH:2
BRF:0
BRH:0
end_of_record
TN:
SF:src/migrations/1610758087015-AddJoinTableForOptionTable.ts
FN:3,(anonymous_0)
FN:8,(anonymous_1)
FN:44,(anonymous_2)
FNF:3
FNH:1
FNDA:10,(anonymous_0)
FNDA:0,(anonymous_1)
FNDA:0,(anonymous_2)
DA:3,10
DA:6,10
DA:9,0
DA:12,0
DA:15,0
DA:18,0
DA:21,0
DA:24,0
DA:27,0
DA:30,0
DA:33,0
DA:36,0
DA:39,0
DA:45,0
DA:48,0
DA:51,0
DA:54,0
DA:57,0
DA:60,0
DA:63,0
DA:66,0
DA:69,0
DA:70,0
DA:71,0
LF:24
LH:2
BRF:0
BRH:0
end_of_record
TN:
SF:src/migrations/1616561263077-RemoveWrongOptionRule.ts
FN:3,(anonymous_0)
FN:6,(anonymous_1)
FN:16,(anonymous_2)
FNF:3
FNH:1
FNDA:10,(anonymous_0)
FNDA:0,(anonymous_1)
FNDA:0,(anonymous_2)
DA:3,10
DA:4,10
DA:7,0
DA:10,0
DA:13,0
DA:17,0
DA:20,0
DA:23,0
LF:8
LH:2
BRF:0
BRH:0
end_of_record
TN:
SF:src/migrations/1616566526215-RefactorMER.ts
FN:3,(anonymous_0)
FN:6,(anonymous_1)
FN:63,(anonymous_2)
FNF:3
FNH:1
FNDA:10,(anonymous_0)
FNDA:0,(anonymous_1)
FNDA:0,(anonymous_2)
DA:3,10
DA:4,10
DA:7,0
DA:10,0
DA:13,0
DA:16,0
DA:19,0
DA:22,0
DA:25,0
DA:26,0
DA:27,0
DA:28,0
DA:31,0
DA:32,0
DA:35,0
DA:36,0
DA:39,0
DA:42,0
DA:43,0
DA:46,0
DA:49,0
DA:52,0
DA:55,0
DA:58,0
DA:64,0
DA:67,0
DA:70,0
DA:73,0
DA:76,0
DA:79,0
DA:82,0
DA:83,0
DA:84,0
DA:85,0
DA:86,0
DA:89,0
DA:90,0
DA:91,0
DA:94,0
DA:97,0
DA:98,0
DA:99,0
DA:100,0
DA:101,0
DA:102,0
DA:103,0
LF:46
LH:2
BRF:0
BRH:0
end_of_record
TN:
SF:src/migrations/1616599514988-AddDescriptionToLanguage.ts
FN:3,(anonymous_0)
FN:8,(anonymous_1)
FN:14,(anonymous_2)
FNF:3
FNH:1
FNDA:10,(anonymous_0)
FNDA:0,(anonymous_1)
FNDA:0,(anonymous_2)
DA:3,10
DA:6,10
DA:9,0
DA:15,0
LF:4
LH:2
BRF:0
BRH:0
end_of_record
TN:
SF:src/migrations/1616611419842-AddActiveFieldsToAllEntities.ts
FN:3,(anonymous_0)
FN:8,(anonymous_1)
FN:38,(anonymous_2)
FNF:3
FNH:1
FNDA:10,(anonymous_0)
FNDA:0,(anonymous_1)
FNDA:0,(anonymous_2)
DA:3,10
DA:6,10
DA:9,0
DA:12,0
DA:15,0
DA:18,0
DA:21,0
DA:24,0
DA:27,0
DA:30,0
DA:33,0
DA:39,0
DA:40,0
DA:41,0
DA:44,0
DA:45,0
DA:46,0
DA:47,0
DA:48,0
DA:49,0
LF:20
LH:2
BRF:0
BRH:0
end_of_record
TN:
SF:src/models/Category.ts
FN:16,(anonymous_2)
FN:20,(anonymous_3)
FN:24,(anonymous_4)
FN:28,(anonymous_5)
FN:32,(anonymous_6)
FN:36,(anonymous_7)
FN:40,(anonymous_8)
FN:41,(anonymous_9)
FN:41,(anonymous_10)
FNF:9
FNH:2
FNDA:0,(anonymous_2)
FNDA:0,(anonymous_3)
FNDA:0,(anonymous_4)
FNDA:0,(anonymous_5)
FNDA:0,(anonymous_6)
FNDA:0,(anonymous_7)
FNDA:0,(anonymous_8)
FNDA:10,(anonymous_9)
FNDA:10,(anonymous_10)
DA:1,10
DA:10,10
DA:11,10
DA:15,10
DA:16,0
DA:18,10
DA:20,0
DA:22,10
DA:24,0
DA:26,10
DA:28,0
DA:30,10
DA:32,0
DA:34,10
DA:36,0
DA:38,10
DA:40,0
DA:41,10
DA:42,10
LF:19
LH:12
BRDA:34,0,0,10
BRDA:34,0,1,0
BRDA:34,1,0,10
BRDA:34,1,1,10
BRDA:38,2,0,10
BRDA:38,2,1,0
BRDA:38,3,0,10
BRDA:38,3,1,10
BRF:8
BRH:6
end_of_record
TN:
SF:src/models/Etymology.ts
FN:22,(anonymous_2)
FN:26,(anonymous_3)
FN:30,(anonymous_4)
FN:34,(anonymous_5)
FN:38,(anonymous_6)
FN:42,(anonymous_7)
FN:46,(anonymous_8)
FN:50,(anonymous_9)
FN:51,(anonymous_10)
FN:51,(anonymous_11)
FN:55,(anonymous_12)
FN:56,(anonymous_13)
FN:56,(anonymous_14)
FN:60,(anonymous_15)
FN:61,(anonymous_16)
FN:61,(anonymous_17)
FN:65,(anonymous_18)
FN:66,(anonymous_19)
FN:66,(anonymous_20)
FNF:19
FNH:8
FNDA:0,(anonymous_2)
FNDA:0,(anonymous_3)
FNDA:0,(anonymous_4)
FNDA:0,(anonymous_5)
FNDA:0,(anonymous_6)
FNDA:0,(anonymous_7)
FNDA:0,(anonymous_8)
FNDA:0,(anonymous_9)
FNDA:10,(anonymous_10)
FNDA:10,(anonymous_11)
FNDA:0,(anonymous_12)
FNDA:10,(anonymous_13)
FNDA:10,(anonymous_14)
FNDA:0,(anonymous_15)
FNDA:10,(anonymous_16)
FNDA:10,(anonymous_17)
FNDA:0,(anonymous_18)
FNDA:10,(anonymous_19)
FNDA:10,(anonymous_20)
DA:1,10
DA:13,10
DA:14,10
DA:15,10
DA:16,10
DA:17,10
DA:21,10
DA:22,0
DA:24,10
DA:26,0
DA:28,10
DA:30,0
DA:32,10
DA:34,0
DA:36,10
DA:38,0
DA:40,10
DA:42,0
DA:44,10
DA:46,0
DA:48,10
DA:50,0
DA:51,10
DA:53,10
DA:55,0
DA:56,10
DA:58,10
DA:60,0
DA:61,10
DA:63,10
DA:65,0
DA:66,10
DA:67,10
LF:33
LH:22
BRDA:44,0,0,10
BRDA:44,0,1,0
BRDA:44,1,0,10
BRDA:44,1,1,10
BRDA:48,2,0,10
BRDA:48,2,1,0
BRDA:48,3,0,10
BRDA:48,3,1,10
BRDA:53,4,0,10
BRDA:53,4,1,0
BRDA:53,5,0,10
BRDA:53,5,1,10
BRDA:58,6,0,10
BRDA:58,6,1,0
BRDA:58,7,0,10
BRDA:58,7,1,10
BRF:16
BRH:12
end_of_record
TN:
SF:src/models/EtymologyType.ts
FN:16,(anonymous_2)
FN:20,(anonymous_3)
FN:24,(anonymous_4)
FN:28,(anonymous_5)
FN:32,(anonymous_6)
FN:36,(anonymous_7)
FN:40,(anonymous_8)
FN:41,(anonymous_9)
FN:41,(anonymous_10)
FNF:9
FNH:2
FNDA:0,(anonymous_2)
FNDA:0,(anonymous_3)
FNDA:0,(anonymous_4)
FNDA:0,(anonymous_5)
FNDA:0,(anonymous_6)
FNDA:0,(anonymous_7)
FNDA:0,(anonymous_8)
FNDA:10,(anonymous_9)
FNDA:10,(anonymous_10)
DA:1,10
DA:10,10
DA:11,10
DA:15,10
DA:16,0
DA:18,10
DA:20,0
DA:22,10
DA:24,0
DA:26,10
DA:28,0
DA:30,10
DA:32,0
DA:34,10
DA:36,0
DA:38,10
DA:40,0
DA:41,10
DA:42,10
LF:19
LH:12
BRDA:34,0,0,10
BRDA:34,0,1,0
BRDA:34,1,0,10
BRDA:34,1,1,10
BRDA:38,2,0,10
BRDA:38,2,1,0
BRDA:38,3,0,10
BRDA:38,3,1,10
BRF:8
BRH:6
end_of_record
TN:
SF:src/models/Language.ts
FN:16,(anonymous_2)
FN:20,(anonymous_3)
FN:24,(anonymous_4)
FN:28,(anonymous_5)
FN:32,(anonymous_6)
FN:36,(anonymous_7)
FN:40,(anonymous_8)
FN:41,(anonymous_9)
FN:41,(anonymous_10)
FNF:9
FNH:2
FNDA:0,(anonymous_2)
FNDA:0,(anonymous_3)
FNDA:0,(anonymous_4)
FNDA:0,(anonymous_5)
FNDA:0,(anonymous_6)
FNDA:0,(anonymous_7)
FNDA:0,(anonymous_8)
FNDA:10,(anonymous_9)
FNDA:10,(anonymous_10)
DA:1,10
DA:10,10
DA:11,10
DA:15,10
DA:16,0
DA:18,10
DA:20,0
DA:22,10
DA:24,0
DA:26,10
DA:28,0
DA:30,10
DA:32,0
DA:34,10
DA:36,0
DA:38,10
DA:40,0
DA:41,10
DA:42,10
LF:19
LH:12
BRDA:34,0,0,10
BRDA:34,0,1,0
BRDA:34,1,0,10
BRDA:34,1,1,10
BRDA:38,2,0,10
BRDA:38,2,1,0
BRDA:38,3,0,10
BRDA:38,3,1,10
BRF:8
BRH:6
end_of_record
TN:
SF:src/models/Option.ts
FN:17,(anonymous_2)
FN:21,(anonymous_3)
FN:25,(anonymous_4)
FN:29,(anonymous_5)
FN:33,(anonymous_6)
FN:37,(anonymous_7)
FN:41,(anonymous_8)
FN:42,(anonymous_9)
FN:42,(anonymous_10)
FNF:9
FNH:2
FNDA:0,(anonymous_2)
FNDA:0,(anonymous_3)
FNDA:0,(anonymous_4)
FNDA:0,(anonymous_5)
FNDA:0,(anonymous_6)
FNDA:0,(anonymous_7)
FNDA:0,(anonymous_8)
FNDA:10,(anonymous_9)
FNDA:10,(anonymous_10)
DA:1,10
DA:11,10
DA:12,10
DA:16,10
DA:17,0
DA:19,10
DA:21,0
DA:23,10
DA:25,0
DA:27,10
DA:29,0
DA:31,10
DA:33,0
DA:35,10
DA:37,0
DA:39,10
DA:41,0
DA:42,10
DA:44,10
LF:19
LH:12
BRDA:35,0,0,10
BRDA:35,0,1,0
BRDA:35,1,0,10
BRDA:35,1,1,10
BRDA:39,2,0,10
BRDA:39,2,1,0
BRDA:39,3,0,10
BRDA:39,3,1,10
BRF:8
BRH:6
end_of_record
TN:
SF:src/models/Pattern.ts
FN:16,(anonymous_2)
FN:20,(anonymous_3)
FN:24,(anonymous_4)
FN:28,(anonymous_5)
FN:32,(anonymous_6)
FN:36,(anonymous_7)
FN:37,(anonymous_8)
FN:37,(anonymous_9)
FNF:8
FNH:2
FNDA:0,(anonymous_2)
FNDA:0,(anonymous_3)
FNDA:0,(anonymous_4)
FNDA:0,(anonymous_5)
FNDA:0,(anonymous_6)
FNDA:0,(anonymous_7)
FNDA:10,(anonymous_8)
FNDA:10,(anonymous_9)
DA:1,10
DA:10,10
DA:11,10
DA:15,10
DA:16,0
DA:18,10
DA:20,0
DA:22,10
DA:24,0
DA:26,10
DA:28,0
DA:30,10
DA:32,0
DA:34,10
DA:36,0
DA:37,10
DA:38,10
LF:17
LH:11
BRDA:30,0,0,10
BRDA:30,0,1,0
BRDA:30,1,0,10
BRDA:30,1,1,10
BRDA:34,2,0,10
BRDA:34,2,1,0
BRDA:34,3,0,10
BRDA:34,3,1,10
BRF:8
BRH:6
end_of_record
TN:
SF:src/models/Question.ts
FN:21,(anonymous_2)
FN:25,(anonymous_3)
FN:29,(anonymous_4)
FN:33,(anonymous_5)
FN:37,(anonymous_6)
FN:41,(anonymous_7)
FN:42,(anonymous_8)
FN:42,(anonymous_9)
FN:46,(anonymous_10)
FN:47,(anonymous_11)
FN:47,(anonymous_12)
FN:50,(anonymous_13)
FN:51,(anonymous_14)
FN:51,(anonymous_15)
FNF:14
FNH:6
FNDA:0,(anonymous_2)
FNDA:0,(anonymous_3)
FNDA:0,(anonymous_4)
FNDA:0,(anonymous_5)
FNDA:0,(anonymous_6)
FNDA:0,(anonymous_7)
FNDA:10,(anonymous_8)
FNDA:10,(anonymous_9)
FNDA:0,(anonymous_10)
FNDA:10,(anonymous_11)
FNDA:10,(anonymous_12)
FNDA:0,(anonymous_13)
FNDA:10,(anonymous_14)
FNDA:10,(anonymous_15)
DA:1,10
DA:13,10
DA:14,10
DA:15,10
DA:16,10
DA:20,10
DA:21,0
DA:23,10
DA:25,0
DA:27,10
DA:29,0
DA:31,10
DA:33,0
DA:35,10
DA:37,0
DA:39,10
DA:41,0
DA:42,10
DA:44,10
DA:46,0
DA:47,10
DA:48,10
DA:50,0
DA:51,10
DA:52,10
LF:25
LH:17
BRDA:35,0,0,10
BRDA:35,0,1,0
BRDA:35,1,0,10
BRDA:35,1,1,10
BRDA:39,2,0,10
BRDA:39,2,1,0
BRDA:39,3,0,10
BRDA:39,3,1,10
BRDA:44,4,0,9
BRDA:44,4,1,1
BRDA:44,5,0,10
BRDA:44,5,1,9
BRF:12
BRH:10
end_of_record
TN:
SF:src/models/Reference.ts
FN:16,(anonymous_2)
FN:20,(anonymous_3)
FN:24,(anonymous_4)
FN:28,(anonymous_5)
FN:32,(anonymous_6)
FN:36,(anonymous_7)
FN:40,(anonymous_8)
FN:44,(anonymous_9)
FN:48,(anonymous_10)
FN:52,(anonymous_11)
FN:53,(anonymous_12)
FN:53,(anonymous_13)
FNF:12
FNH:2
FNDA:0,(anonymous_2)
FNDA:0,(anonymous_3)
FNDA:0,(anonymous_4)
FNDA:0,(anonymous_5)
FNDA:0,(anonymous_6)
FNDA:0,(anonymous_7)
FNDA:0,(anonymous_8)
FNDA:0,(anonymous_9)
FNDA:0,(anonymous_10)
FNDA:0,(anonymous_11)
FNDA:10,(anonymous_12)
FNDA:10,(anonymous_13)
DA:1,10
DA:10,10
DA:11,10
DA:15,10
DA:16,0
DA:18,10
DA:20,0
DA:22,10
DA:24,0
DA:26,10
DA:28,0
DA:30,10
DA:32,0
DA:34,10
DA:36,0
DA:38,10
DA:40,0
DA:42,10
DA:44,0
DA:46,10
DA:48,0
DA:50,10
DA:52,0
DA:53,10
DA:54,10
LF:25
LH:15
BRDA:46,0,0,10
BRDA:46,0,1,0
BRDA:46,1,0,10
BRDA:46,1,1,10
BRDA:50,2,0,10
BRDA:50,2,1,0
BRDA:50,3,0,10
BRDA:50,3,1,10
BRF:8
BRH:6
end_of_record
TN:
SF:src/models/Test.ts
FN:18,(anonymous_2)
FN:22,(anonymous_3)
FN:26,(anonymous_4)
FN:30,(anonymous_5)
FN:34,(anonymous_6)
FN:38,(anonymous_7)
FN:39,(anonymous_8)
FN:39,(anonymous_9)
FN:43,(anonymous_10)
FN:44,(anonymous_11)
FN:44,(anonymous_12)
FNF:11
FNH:4
FNDA:0,(anonymous_2)
FNDA:0,(anonymous_3)
FNDA:0,(anonymous_4)
FNDA:0,(anonymous_5)
FNDA:0,(anonymous_6)
FNDA:0,(anonymous_7)
FNDA:10,(anonymous_8)
FNDA:10,(anonymous_9)
FNDA:0,(anonymous_10)
FNDA:10,(anonymous_11)
FNDA:10,(anonymous_12)
DA:1,10
DA:11,10
DA:12,10
DA:13,10
DA:17,10
DA:18,0
DA:20,10
DA:22,0
DA:24,10
DA:26,0
DA:28,10
DA:30,0
DA:32,10
DA:34,0
DA:36,10
DA:38,0
DA:39,10
DA:41,10
DA:43,0
DA:44,10
DA:46,10
LF:21
LH:14
BRDA:32,0,0,10
BRDA:32,0,1,0
BRDA:32,1,0,10
BRDA:32,1,1,10
BRDA:36,2,0,10
BRDA:36,2,1,0
BRDA:36,3,0,10
BRDA:36,3,1,10
BRDA:41,4,0,4
BRDA:41,4,1,6
BRDA:41,5,0,10
BRDA:41,5,1,4
BRDA:46,6,0,7
BRDA:46,6,1,3
BRDA:46,7,0,10
BRDA:46,7,1,7
BRF:16
BRH:14
end_of_record
TN:
SF:src/models/User.ts
FN:19,(anonymous_2)
FN:23,(anonymous_3)
FN:27,(anonymous_4)
FN:31,(anonymous_5)
FN:35,(anonymous_6)
FN:39,(anonymous_7)
FN:43,(anonymous_8)
FN:44,(anonymous_9)
FN:44,(anonymous_10)
FN:47,(anonymous_11)
FN:48,(anonymous_12)
FN:48,(anonymous_13)
FNF:12
FNH:4
FNDA:0,(anonymous_2)
FNDA:0,(anonymous_3)
FNDA:0,(anonymous_4)
FNDA:0,(anonymous_5)
FNDA:0,(anonymous_6)
FNDA:0,(anonymous_7)
FNDA:0,(anonymous_8)
FNDA:10,(anonymous_9)
FNDA:10,(anonymous_10)
FNDA:0,(anonymous_11)
FNDA:10,(anonymous_12)
FNDA:10,(anonymous_13)
DA:1,10
DA:12,10
DA:13,10
DA:14,10
DA:18,10
DA:19,0
DA:21,10
DA:23,0
DA:25,10
DA:27,0
DA:29,10
DA:31,0
DA:33,10
DA:35,0
DA:37,10
DA:39,0
DA:41,10
DA:43,0
DA:44,10
DA:45,10
DA:47,0
DA:48,10
DA:50,10
LF:23
LH:15
BRDA:37,0,0,10
BRDA:37,0,1,0
BRDA:37,1,0,10
BRDA:37,1,1,10
BRDA:41,2,0,10
BRDA:41,2,1,0
BRDA:41,3,0,10
BRDA:41,3,1,10
BRF:8
BRH:6
end_of_record
TN:
SF:src/models/Version.ts
FN:14,(anonymous_2)
FN:18,(anonymous_3)
FN:22,(anonymous_4)
FN:26,(anonymous_5)
FN:30,(anonymous_6)
FN:34,(anonymous_7)
FN:38,(anonymous_8)
FNF:7
FNH:0
FNDA:0,(anonymous_2)
FNDA:0,(anonymous_3)
FNDA:0,(anonymous_4)
FNDA:0,(anonymous_5)
FNDA:0,(anonymous_6)
FNDA:0,(anonymous_7)
FNDA:0,(anonymous_8)
DA:1,10
DA:9,10
DA:13,10
DA:14,0
DA:16,10
DA:18,0
DA:20,10
DA:22,0
DA:24,10
DA:26,0
DA:28,10
DA:30,0
DA:32,10
DA:34,0
DA:36,10
DA:38,0
DA:40,10
LF:17
LH:10
BRDA:36,0,0,10
BRDA:36,0,1,0
BRDA:36,1,0,10
BRDA:36,1,1,10
BRDA:40,2,0,10
BRDA:40,2,1,0
BRDA:40,3,0,10
BRDA:40,3,1,10
BRF:8
BRH:6
end_of_record
TN:
SF:src/models/Word.ts
FN:21,(anonymous_2)
FN:25,(anonymous_3)
FN:29,(anonymous_4)
FN:33,(anonymous_5)
FN:37,(anonymous_6)
FN:41,(anonymous_7)
FN:45,(anonymous_8)
FN:49,(anonymous_9)
FN:50,(anonymous_10)
FN:50,(anonymous_11)
FN:54,(anonymous_12)
FN:55,(anonymous_13)
FN:55,(anonymous_14)
FN:59,(anonymous_15)
FN:60,(anonymous_16)
FN:60,(anonymous_17)
FNF:16
FNH:6
FNDA:0,(anonymous_2)
FNDA:0,(anonymous_3)
FNDA:0,(anonymous_4)
FNDA:0,(anonymous_5)
FNDA:0,(anonymous_6)
FNDA:0,(anonymous_7)
FNDA:0,(anonymous_8)
FNDA:0,(anonymous_9)
FNDA:10,(anonymous_10)
FNDA:10,(anonymous_11)
FNDA:0,(anonymous_12)
FNDA:10,(anonymous_13)
FNDA:10,(anonymous_14)
FNDA:0,(anonymous_15)
FNDA:10,(anonymous_16)
FNDA:10,(anonymous_17)
DA:1,10
DA:13,10
DA:14,10
DA:15,10
DA:16,10
DA:20,10
DA:21,0
DA:23,10
DA:25,0
DA:27,10
DA:29,0
DA:31,10
DA:33,0
DA:35,10
DA:37,0
DA:39,10
DA:41,0
DA:43,10
DA:45,0
DA:47,10
DA:49,0
DA:50,10
DA:52,10
DA:54,0
DA:55,10
DA:57,10
DA:59,0
DA:60,10
DA:61,10
LF:29
LH:19
BRDA:43,0,0,10
BRDA:43,0,1,0
BRDA:43,1,0,10
BRDA:43,1,1,10
BRDA:47,2,0,10
BRDA:47,2,1,0
BRDA:47,3,0,10
BRDA:47,3,1,10
BRDA:52,4,0,8
BRDA:52,4,1,2
BRDA:52,5,0,10
BRDA:52,5,1,8
BRF:12
BRH:10
end_of_record
TN:
SF:src/resolvers/category/index.ts
FN:15,(anonymous_4)
FN:20,(anonymous_5)
FN:30,(anonymous_6)
FN:39,(anonymous_7)
FN:54,(anonymous_8)
FN:14,(anonymous_9)
FN:19,(anonymous_10)
FN:29,(anonymous_11)
FN:38,(anonymous_12)
FN:53,(anonymous_13)
FNF:10
FNH:5
FNDA:7,(anonymous_4)
FNDA:7,(anonymous_5)
FNDA:3,(anonymous_6)
FNDA:1,(anonymous_7)
FNDA:2,(anonymous_8)
FNDA:0,(anonymous_9)
FNDA:0,(anonymous_10)
FNDA:0,(anonymous_11)
FNDA:0,(anonymous_12)
FNDA:0,(anonymous_13)
DA:1,1
DA:2,1
DA:3,1
DA:4,1
DA:5,1
DA:6,1
DA:13,1
DA:14,0
DA:15,1
DA:16,7
DA:19,0
DA:20,1
DA:21,7
DA:22,7
DA:23,1
DA:25,6
DA:29,0
DA:30,1
DA:33,3
DA:34,3
DA:35,1
DA:38,0
DA:39,1
DA:43,1
DA:44,1
DA:45,0
DA:47,1
DA:48,1
DA:49,1
DA:53,0
DA:54,1
DA:55,2
DA:56,2
DA:57,1
DA:59,1
DA:60,1
LF:36
LH:30
BRDA:22,0,0,1
BRDA:22,0,1,6
BRDA:44,1,0,0
BRDA:44,1,1,1
BRDA:56,2,0,1
BRDA:56,2,1,1
BRDA:15,3,0,1
BRDA:15,3,1,0
BRDA:15,4,0,1
BRDA:15,4,1,1
BRDA:20,5,0,1
BRDA:20,5,1,0
BRDA:20,6,0,1
BRDA:20,6,1,1
BRDA:31,7,0,1
BRDA:31,7,1,0
BRDA:31,8,0,1
BRDA:31,8,1,1
BRDA:32,9,0,1
BRDA:32,9,1,0
BRDA:32,10,0,1
BRDA:32,10,1,1
BRDA:41,11,0,1
BRDA:41,11,1,0
BRDA:41,12,0,1
BRDA:41,12,1,1
BRDA:42,13,0,1
BRDA:42,13,1,0
BRDA:42,14,0,1
BRDA:42,14,1,1
BRDA:54,15,0,1
BRDA:54,15,1,0
BRDA:54,16,0,1
BRDA:54,16,1,1
BRF:34
BRH:26
end_of_record
TN:
SF:src/resolvers/etymology/index.ts
FN:15,(anonymous_4)
FN:20,(anonymous_5)
FN:30,(anonymous_6)
FN:39,(anonymous_7)
FN:54,(anonymous_8)
FN:14,(anonymous_9)
FN:19,(anonymous_10)
FN:29,(anonymous_11)
FN:38,(anonymous_12)
FN:53,(anonymous_13)
FNF:10
FNH:5
FNDA:7,(anonymous_4)
FNDA:8,(anonymous_5)
FNDA:3,(anonymous_6)
FNDA:1,(anonymous_7)
FNDA:2,(anonymous_8)
FNDA:0,(anonymous_9)
FNDA:0,(anonymous_10)
FNDA:0,(anonymous_11)
FNDA:0,(anonymous_12)
FNDA:0,(anonymous_13)
DA:1,1
DA:2,1
DA:3,1
DA:4,1
DA:5,1
DA:6,1
DA:13,1
DA:14,0
DA:15,1
DA:16,7
DA:19,0
DA:20,1
DA:21,8
DA:22,8
DA:23,1
DA:25,7
DA:29,0
DA:30,1
DA:33,3
DA:34,3
DA:35,1
DA:38,0
DA:39,1
DA:43,1
DA:44,1
DA:45,0
DA:47,1
DA:48,1
DA:49,1
DA:53,0
DA:54,1
DA:55,2
DA:56,2
DA:57,1
DA:59,1
DA:60,1
LF:36
LH:30
BRDA:22,0,0,1
BRDA:22,0,1,7
BRDA:44,1,0,0
BRDA:44,1,1,1
BRDA:56,2,0,1
BRDA:56,2,1,1
BRDA:15,3,0,1
BRDA:15,3,1,0
BRDA:15,4,0,1
BRDA:15,4,1,1
BRDA:20,5,0,1
BRDA:20,5,1,0
BRDA:20,6,0,1
BRDA:20,6,1,1
BRDA:31,7,0,1
BRDA:31,7,1,0
BRDA:31,8,0,1
BRDA:31,8,1,1
BRDA:32,9,0,1
BRDA:32,9,1,0
BRDA:32,10,0,1
BRDA:32,10,1,1
BRDA:41,11,0,1
BRDA:41,11,1,0
BRDA:41,12,0,1
BRDA:41,12,1,1
BRDA:42,13,0,1
BRDA:42,13,1,0
BRDA:42,14,0,1
BRDA:42,14,1,1
BRDA:54,15,0,1
BRDA:54,15,1,0
BRDA:54,16,0,1
BRDA:54,16,1,1
BRF:34
BRH:26
end_of_record
TN:
SF:src/resolvers/option/index.ts
FN:11,(anonymous_4)
FN:16,(anonymous_5)
FN:26,(anonymous_6)
FN:35,(anonymous_7)
FN:50,(anonymous_8)
FN:10,(anonymous_9)
FN:15,(anonymous_10)
FN:25,(anonymous_11)
FN:34,(anonymous_12)
FN:49,(anonymous_13)
FNF:10
FNH:5
FNDA:7,(anonymous_4)
FNDA:7,(anonymous_5)
FNDA:3,(anonymous_6)
FNDA:1,(anonymous_7)
FNDA:2,(anonymous_8)
FNDA:0,(anonymous_9)
FNDA:0,(anonymous_10)
FNDA:0,(anonymous_11)
FNDA:0,(anonymous_12)
FNDA:0,(anonymous_13)
DA:1,1
DA:2,1
DA:3,1
DA:4,1
DA:5,1
DA:6,1
DA:9,1
DA:10,0
DA:11,1
DA:12,7
DA:15,0
DA:16,1
DA:17,7
DA:18,7
DA:19,1
DA:21,6
DA:25,0
DA:26,1
DA:29,3
DA:30,3
DA:31,1
DA:34,0
DA:35,1
DA:39,1
DA:40,1
DA:41,0
DA:43,1
DA:44,1
DA:45,1
DA:49,0
DA:50,1
DA:51,2
DA:52,2
DA:53,1
DA:55,1
DA:56,1
LF:36
LH:30
BRDA:18,0,0,1
BRDA:18,0,1,6
BRDA:40,1,0,0
BRDA:40,1,1,1
BRDA:52,2,0,1
BRDA:52,2,1,1
BRDA:11,3,0,1
BRDA:11,3,1,0
BRDA:11,4,0,1
BRDA:11,4,1,1
BRDA:16,5,0,1
BRDA:16,5,1,0
BRDA:16,6,0,1
BRDA:16,6,1,1
BRDA:27,7,0,1
BRDA:27,7,1,0
BRDA:27,8,0,1
BRDA:27,8,1,1
BRDA:28,9,0,1
BRDA:28,9,1,0
BRDA:28,10,0,1
BRDA:28,10,1,1
BRDA:37,11,0,1
BRDA:37,11,1,0
BRDA:37,12,0,1
BRDA:37,12,1,1
BRDA:38,13,0,1
BRDA:38,13,1,0
BRDA:38,14,0,1
BRDA:38,14,1,1
BRDA:50,15,0,1
BRDA:50,15,1,0
BRDA:50,16,0,1
BRDA:50,16,1,1
BRF:34
BRH:26
end_of_record
TN:
SF:src/resolvers/pattern/index.ts
FN:11,(anonymous_4)
FN:16,(anonymous_5)
FN:26,(anonymous_6)
FN:35,(anonymous_7)
FN:50,(anonymous_8)
FN:10,(anonymous_9)
FN:15,(anonymous_10)
FN:25,(anonymous_11)
FN:34,(anonymous_12)
FN:49,(anonymous_13)
FNF:10
FNH:5
FNDA:7,(anonymous_4)
FNDA:6,(anonymous_5)
FNDA:3,(anonymous_6)
FNDA:1,(anonymous_7)
FNDA:2,(anonymous_8)
FNDA:0,(anonymous_9)
FNDA:0,(anonymous_10)
FNDA:0,(anonymous_11)
FNDA:0,(anonymous_12)
FNDA:0,(anonymous_13)
DA:1,1
DA:2,1
DA:3,1
DA:4,1
DA:5,1
DA:6,1
DA:9,1
DA:10,0
DA:11,1
DA:12,7
DA:15,0
DA:16,1
DA:17,6
DA:18,6
DA:19,1
DA:21,5
DA:25,0
DA:26,1
DA:29,3
DA:30,3
DA:31,1
DA:34,0
DA:35,1
DA:39,1
DA:40,1
DA:41,0
DA:43,1
DA:44,1
DA:45,1
DA:49,0
DA:50,1
DA:51,2
DA:52,2
DA:53,1
DA:55,1
DA:56,1
LF:36
LH:30
BRDA:18,0,0,1
BRDA:18,0,1,5
BRDA:40,1,0,0
BRDA:40,1,1,1
BRDA:52,2,0,1
BRDA:52,2,1,1
BRDA:11,3,0,1
BRDA:11,3,1,0
BRDA:11,4,0,1
BRDA:11,4,1,1
BRDA:16,5,0,1
BRDA:16,5,1,0
BRDA:16,6,0,1
BRDA:16,6,1,1
BRDA:27,7,0,1
BRDA:27,7,1,0
BRDA:27,8,0,1
BRDA:27,8,1,1
BRDA:28,9,0,1
BRDA:28,9,1,0
BRDA:28,10,0,1
BRDA:28,10,1,1
BRDA:37,11,0,1
BRDA:37,11,1,0
BRDA:37,12,0,1
BRDA:37,12,1,1
BRDA:38,13,0,1
BRDA:38,13,1,0
BRDA:38,14,0,1
BRDA:38,14,1,1
BRDA:50,15,0,1
BRDA:50,15,1,0
BRDA:50,16,0,1
BRDA:50,16,1,1
BRF:34
BRH:26
end_of_record
TN:
SF:src/resolvers/question/index.ts
FN:15,(anonymous_4)
FN:20,(anonymous_5)
FN:30,(anonymous_6)
FN:39,(anonymous_7)
FN:54,(anonymous_8)
FN:14,(anonymous_9)
FN:19,(anonymous_10)
FN:29,(anonymous_11)
FN:38,(anonymous_12)
FN:53,(anonymous_13)
FNF:10
FNH:5
FNDA:7,(anonymous_4)
FNDA:6,(anonymous_5)
FNDA:3,(anonymous_6)
FNDA:1,(anonymous_7)
FNDA:2,(anonymous_8)
FNDA:0,(anonymous_9)
FNDA:0,(anonymous_10)
FNDA:0,(anonymous_11)
FNDA:0,(anonymous_12)
FNDA:0,(anonymous_13)
DA:1,1
DA:2,1
DA:3,1
DA:4,1
DA:5,1
DA:6,1
DA:13,1
DA:14,0
DA:15,1
DA:16,7
DA:19,0
DA:20,1
DA:21,6
DA:22,6
DA:23,1
DA:25,5
DA:29,0
DA:30,1
DA:33,3
DA:34,3
DA:35,1
DA:38,0
DA:39,1
DA:43,1
DA:44,1
DA:45,0
DA:47,1
DA:48,1
DA:49,1
DA:53,0
DA:54,1
DA:55,2
DA:56,2
DA:57,1
DA:59,1
DA:60,1
LF:36
LH:30
BRDA:22,0,0,1
BRDA:22,0,1,5
BRDA:44,1,0,0
BRDA:44,1,1,1
BRDA:56,2,0,1
BRDA:56,2,1,1
BRDA:15,3,0,1
BRDA:15,3,1,0
BRDA:15,4,0,1
BRDA:15,4,1,1
BRDA:20,5,0,1
BRDA:20,5,1,0
BRDA:20,6,0,1
BRDA:20,6,1,1
BRDA:31,7,0,1
BRDA:31,7,1,0
BRDA:31,8,0,1
BRDA:31,8,1,1
BRDA:32,9,0,1
BRDA:32,9,1,0
BRDA:32,10,0,1
BRDA:32,10,1,1
BRDA:41,11,0,1
BRDA:41,11,1,0
BRDA:41,12,0,1
BRDA:41,12,1,1
BRDA:42,13,0,1
BRDA:42,13,1,0
BRDA:42,14,0,1
BRDA:42,14,1,1
BRDA:54,15,0,1
BRDA:54,15,1,0
BRDA:54,16,0,1
BRDA:54,16,1,1
BRF:34
BRH:26
end_of_record
TN:
SF:src/resolvers/reference/index.ts
FN:15,(anonymous_4)
FN:20,(anonymous_5)
FN:30,(anonymous_6)
FN:39,(anonymous_7)
FN:54,(anonymous_8)
FN:14,(anonymous_9)
FN:19,(anonymous_10)
FN:29,(anonymous_11)
FN:38,(anonymous_12)
FN:53,(anonymous_13)
FNF:10
FNH:5
FNDA:7,(anonymous_4)
FNDA:10,(anonymous_5)
FNDA:3,(anonymous_6)
FNDA:1,(anonymous_7)
FNDA:2,(anonymous_8)
FNDA:0,(anonymous_9)
FNDA:0,(anonymous_10)
FNDA:0,(anonymous_11)
FNDA:0,(anonymous_12)
FNDA:0,(anonymous_13)
DA:1,1
DA:2,1
DA:3,1
DA:4,1
DA:5,1
DA:6,1
DA:13,1
DA:14,0
DA:15,1
DA:16,7
DA:19,0
DA:20,1
DA:21,10
DA:22,10
DA:23,1
DA:25,9
DA:29,0
DA:30,1
DA:33,3
DA:34,3
DA:35,1
DA:38,0
DA:39,1
DA:43,1
DA:44,1
DA:45,0
DA:47,1
DA:48,1
DA:49,1
DA:53,0
DA:54,1
DA:55,2
DA:56,2
DA:57,1
DA:59,1
DA:60,1
LF:36
LH:30
BRDA:22,0,0,1
BRDA:22,0,1,9
BRDA:44,1,0,0
BRDA:44,1,1,1
BRDA:56,2,0,1
BRDA:56,2,1,1
BRDA:15,3,0,1
BRDA:15,3,1,0
BRDA:15,4,0,1
BRDA:15,4,1,1
BRDA:20,5,0,1
BRDA:20,5,1,0
BRDA:20,6,0,1
BRDA:20,6,1,1
BRDA:31,7,0,1
BRDA:31,7,1,0
BRDA:31,8,0,1
BRDA:31,8,1,1
BRDA:32,9,0,1
BRDA:32,9,1,0
BRDA:32,10,0,1
BRDA:32,10,1,1
BRDA:41,11,0,1
BRDA:41,11,1,0
BRDA:41,12,0,1
BRDA:41,12,1,1
BRDA:42,13,0,1
BRDA:42,13,1,0
BRDA:42,14,0,1
BRDA:42,14,1,1
BRDA:54,15,0,1
BRDA:54,15,1,0
BRDA:54,16,0,1
BRDA:54,16,1,1
BRF:34
BRH:26
end_of_record
TN:
SF:src/resolvers/test/index.ts
FN:11,(anonymous_4)
FN:16,(anonymous_5)
FN:26,(anonymous_6)
FN:33,(anonymous_7)
FN:48,(anonymous_8)
FN:10,(anonymous_9)
FN:15,(anonymous_10)
FN:25,(anonymous_11)
FN:32,(anonymous_12)
FN:47,(anonymous_13)
FNF:10
FNH:5
FNDA:7,(anonymous_4)
FNDA:5,(anonymous_5)
FNDA:1,(anonymous_6)
FNDA:1,(anonymous_7)
FNDA:2,(anonymous_8)
FNDA:0,(anonymous_9)
FNDA:0,(anonymous_10)
FNDA:0,(anonymous_11)
FNDA:0,(anonymous_12)
FNDA:0,(anonymous_13)
DA:1,1
DA:2,1
DA:3,1
DA:4,1
DA:5,1
DA:6,1
DA:9,1
DA:10,0
DA:11,1
DA:12,7
DA:15,0
DA:16,1
DA:17,5
DA:18,5
DA:19,1
DA:21,4
DA:25,0
DA:26,1
DA:27,1
DA:28,1
DA:29,1
DA:32,0
DA:33,1
DA:37,1
DA:38,1
DA:39,0
DA:41,1
DA:42,1
DA:43,1
DA:47,0
DA:48,1
DA:49,2
DA:50,2
DA:51,1
DA:53,1
DA:54,1
LF:36
LH:30
BRDA:18,0,0,1
BRDA:18,0,1,4
BRDA:38,1,0,0
BRDA:38,1,1,1
BRDA:50,2,0,1
BRDA:50,2,1,1
BRDA:11,3,0,1
BRDA:11,3,1,0
BRDA:11,4,0,1
BRDA:11,4,1,1
BRDA:26,5,0,1
BRDA:26,5,1,0
BRDA:26,6,0,1
BRDA:26,6,1,1
BRDA:35,7,0,1
BRDA:35,7,1,0
BRDA:35,8,0,1
BRDA:35,8,1,1
BRDA:36,9,0,1
BRDA:36,9,1,0
BRDA:36,10,0,1
BRDA:36,10,1,1
BRF:22
BRH:17
end_of_record
TN:
SF:src/resolvers/user/index.ts
FN:12,(anonymous_4)
FN:17,(anonymous_5)
FN:34,(anonymous_6)
FN:41,(anonymous_7)
FN:56,(anonymous_8)
FN:11,(anonymous_9)
FN:16,(anonymous_10)
FN:33,(anonymous_11)
FN:40,(anonymous_12)
FN:55,(anonymous_13)
FNF:10
FNH:5
FNDA:7,(anonymous_4)
FNDA:7,(anonymous_5)
FNDA:3,(anonymous_6)
FNDA:1,(anonymous_7)
FNDA:2,(anonymous_8)
FNDA:0,(anonymous_9)
FNDA:0,(anonymous_10)
FNDA:0,(anonymous_11)
FNDA:0,(anonymous_12)
FNDA:0,(anonymous_13)
DA:1,1
DA:2,1
DA:3,1
DA:4,1
DA:5,1
DA:6,1
DA:7,1
DA:10,1
DA:11,0
DA:12,1
DA:13,7
DA:16,0
DA:17,1
DA:18,7
DA:26,7
DA:27,1
DA:29,6
DA:33,0
DA:34,1
DA:35,3
DA:36,3
DA:37,1
DA:40,0
DA:41,1
DA:45,1
DA:46,1
DA:47,0
DA:49,1
DA:50,1
DA:51,1
DA:55,0
DA:56,1
DA:57,2
DA:58,2
DA:59,1
DA:61,1
DA:62,1
LF:37
LH:31
BRDA:26,0,0,1
BRDA:26,0,1,6
BRDA:46,1,0,0
BRDA:46,1,1,1
BRDA:58,2,0,1
BRDA:58,2,1,1
BRDA:12,3,0,1
BRDA:12,3,1,0
BRDA:12,4,0,1
BRDA:12,4,1,1
BRDA:17,5,0,1
BRDA:17,5,1,0
BRDA:17,6,0,1
BRDA:17,6,1,1
BRDA:34,7,0,1
BRDA:34,7,1,0
BRDA:34,8,0,1
BRDA:34,8,1,1
BRDA:34,9,0,1
BRDA:34,9,1,0
BRDA:34,10,0,1
BRDA:34,10,1,1
BRDA:43,11,0,1
BRDA:43,11,1,0
BRDA:43,12,0,1
BRDA:43,12,1,1
BRDA:44,13,0,1
BRDA:44,13,1,0
BRDA:44,14,0,1
BRDA:44,14,1,1
BRDA:56,15,0,1
BRDA:56,15,1,0
BRDA:56,16,0,1
BRDA:56,16,1,1
BRF:34
BRH:26
end_of_record
TN:
SF:src/resolvers/version/index.ts
FN:11,(anonymous_4)
FN:16,(anonymous_5)
FN:26,(anonymous_6)
FN:35,(anonymous_7)
FN:50,(anonymous_8)
FN:10,(anonymous_9)
FN:15,(anonymous_10)
FN:25,(anonymous_11)
FN:34,(anonymous_12)
FN:49,(anonymous_13)
FNF:10
FNH:5
FNDA:7,(anonymous_4)
FNDA:8,(anonymous_5)
FNDA:3,(anonymous_6)
FNDA:1,(anonymous_7)
FNDA:2,(anonymous_8)
FNDA:0,(anonymous_9)
FNDA:0,(anonymous_10)
FNDA:0,(anonymous_11)
FNDA:0,(anonymous_12)
FNDA:0,(anonymous_13)
DA:1,1
DA:2,1
DA:3,1
DA:4,1
DA:5,1
DA:6,1
DA:9,1
DA:10,0
DA:11,1
DA:12,7
DA:15,0
DA:16,1
DA:17,8
DA:18,8
DA:19,1
DA:21,7
DA:25,0
DA:26,1
DA:29,3
DA:30,3
DA:31,1
DA:34,0
DA:35,1
DA:39,1
DA:40,1
DA:41,0
DA:43,1
DA:44,1
DA:45,1
DA:49,0
DA:50,1
DA:51,2
DA:52,2
DA:53,1
DA:55,1
DA:56,1
LF:36
LH:30
BRDA:18,0,0,1
BRDA:18,0,1,7
BRDA:40,1,0,0
BRDA:40,1,1,1
BRDA:52,2,0,1
BRDA:52,2,1,1
BRDA:11,3,0,1
BRDA:11,3,1,0
BRDA:11,4,0,1
BRDA:11,4,1,1
BRDA:16,5,0,1
BRDA:16,5,1,0
BRDA:16,6,0,1
BRDA:16,6,1,1
BRDA:27,7,0,1
BRDA:27,7,1,0
BRDA:27,8,0,1
BRDA:27,8,1,1
BRDA:28,9,0,1
BRDA:28,9,1,0
BRDA:28,10,0,1
BRDA:28,10,1,1
BRDA:37,11,0,1
BRDA:37,11,1,0
BRDA:37,12,0,1
BRDA:37,12,1,1
BRDA:38,13,0,1
BRDA:38,13,1,0
BRDA:38,14,0,1
BRDA:38,14,1,1
BRDA:50,15,0,1
BRDA:50,15,1,0
BRDA:50,16,0,1
BRDA:50,16,1,1
BRF:34
BRH:26
end_of_record
TN:
SF:src/resolvers/word/index.ts
FN:12,(anonymous_4)
FN:17,(anonymous_5)
FN:34,(anonymous_6)
FN:41,(anonymous_7)
FN:56,(anonymous_8)
FN:11,(anonymous_9)
FN:16,(anonymous_10)
FN:33,(anonymous_11)
FN:40,(anonymous_12)
FN:55,(anonymous_13)
FNF:10
FNH:5
FNDA:7,(anonymous_4)
FNDA:8,(anonymous_5)
FNDA:3,(anonymous_6)
FNDA:1,(anonymous_7)
FNDA:2,(anonymous_8)
FNDA:0,(anonymous_9)
FNDA:0,(anonymous_10)
FNDA:0,(anonymous_11)
FNDA:0,(anonymous_12)
FNDA:0,(anonymous_13)
DA:1,1
DA:2,1
DA:3,1
DA:4,1
DA:5,1
DA:6,1
DA:7,1
DA:10,1
DA:11,0
DA:12,1
DA:13,7
DA:16,0
DA:17,1
DA:18,8
DA:26,8
DA:27,1
DA:29,7
DA:33,0
DA:34,1
DA:35,3
DA:36,3
DA:37,1
DA:40,0
DA:41,1
DA:45,1
DA:46,1
DA:47,0
DA:49,1
DA:50,1
DA:51,1
DA:55,0
DA:56,1
DA:57,2
DA:58,2
DA:59,1
DA:61,1
DA:62,1
LF:37
LH:31
BRDA:26,0,0,1
BRDA:26,0,1,7
BRDA:46,1,0,0
BRDA:46,1,1,1
BRDA:58,2,0,1
BRDA:58,2,1,1
BRDA:12,3,0,1
BRDA:12,3,1,0
BRDA:12,4,0,1
BRDA:12,4,1,1
BRDA:17,5,0,1
BRDA:17,5,1,0
BRDA:17,6,0,1
BRDA:17,6,1,1
BRDA:34,7,0,1
BRDA:34,7,1,0
BRDA:34,8,0,1
BRDA:34,8,1,1
BRDA:34,9,0,1
BRDA:34,9,1,0
BRDA:34,10,0,1
BRDA:34,10,1,1
BRDA:43,11,0,1
BRDA:43,11,1,0
BRDA:43,12,0,1
BRDA:43,12,1,1
BRDA:44,13,0,1
BRDA:44,13,1,0
BRDA:44,14,0,1
BRDA:44,14,1,1
BRDA:56,15,0,1
BRDA:56,15,1,0
BRDA:56,16,0,1
BRDA:56,16,1,1
BRF:34
BRH:26
end_of_record
